{
  "stats": {
    "suites": 1,
    "tests": 1,
    "passes": 1,
    "pending": 0,
    "failures": 0,
    "start": "2024-12-31T10:15:16.162Z",
    "end": "2024-12-31T10:15:34.025Z",
    "duration": 17863,
    "testsRegistered": 1,
    "passPercent": 100,
    "pendingPercent": 0,
    "other": 0,
    "hasOther": false,
    "skipped": 0,
    "hasSkipped": false
  },
  "results": [
    {
      "uuid": "d066c759-9636-4667-aad8-040fd4d4c289",
      "title": "",
      "fullFile": "cypress\\e2e\\tests\\buttontest.cy.js",
      "file": "cypress\\e2e\\tests\\buttontest.cy.js",
      "beforeHooks": [],
      "afterHooks": [],
      "tests": [],
      "suites": [
        {
          "uuid": "33baf65c-13b2-4577-9444-c01b46c62a11",
          "title": "Rabio Button",
          "fullFile": "",
          "file": "",
          "beforeHooks": [],
          "afterHooks": [],
          "tests": [
            {
              "title": "Validation of Radio button",
              "fullTitle": "Rabio Button Validation of Radio button",
              "timedOut": null,
              "duration": 15320,
              "state": "passed",
              "speed": "slow",
              "pass": true,
              "fail": false,
              "pending": false,
              "context": null,
              "code": "launchinpage3.launchDemosite();\nlaunchinpage3.openWebForms(Buttondata.LHSElements);\naE3.openSection(Buttondata.LinkButton);\nbe1.singleClick(ButtonTextdata.SingleclickMessage, ButtonTextdata.SingleclickInnerText);\nbe1.doubleClick(ButtonTextdata.DoubleclickMessage);\nbe1.rightClick(ButtonTextdata.RightclickMessage);",
              "err": {},
              "uuid": "94ca6662-9bc2-49b7-a207-76a6527c87dc",
              "parentUUID": "33baf65c-13b2-4577-9444-c01b46c62a11",
              "isHook": false,
              "skipped": false
            }
          ],
          "suites": [],
          "passes": [
            "94ca6662-9bc2-49b7-a207-76a6527c87dc"
          ],
          "failures": [],
          "pending": [],
          "skipped": [],
          "duration": 15320,
          "root": false,
          "rootEmpty": false,
          "_timeout": 2000
        }
      ],
      "passes": [],
      "failures": [],
      "pending": [],
      "skipped": [],
      "duration": 0,
      "root": true,
      "rootEmpty": true,
      "_timeout": 2000
    }
  ],
  "meta": {
    "mocha": {
      "version": "7.0.1"
    },
    "mochawesome": {
      "options": {
        "quiet": false,
        "reportFilename": "mochawesome",
        "saveHtml": true,
        "saveJson": true,
        "consoleReporter": "spec",
        "useInlineDiffs": false,
        "code": true
      },
      "version": "7.1.3"
    },
    "marge": {
      "options": {
        "reportDir": "cypress/reports",
        "overwrite": false,
        "html": true,
        "json": true,
        "charts": true
      },
      "version": "6.2.0"
    }
  }
}