{
  "stats": {
    "suites": 1,
    "tests": 1,
    "passes": 1,
    "pending": 0,
    "failures": 0,
    "start": "2024-12-31T10:16:37.181Z",
    "end": "2024-12-31T10:16:54.543Z",
    "duration": 17362,
    "testsRegistered": 1,
    "passPercent": 100,
    "pendingPercent": 0,
    "other": 0,
    "hasOther": false,
    "skipped": 0,
    "hasSkipped": false
  },
  "results": [
    {
      "uuid": "cbe67f77-3b0f-46e0-9780-44506350b6cd",
      "title": "",
      "fullFile": "cypress\\e2e\\tests\\launchingPagetest.cy.js",
      "file": "cypress\\e2e\\tests\\launchingPagetest.cy.js",
      "beforeHooks": [],
      "afterHooks": [],
      "tests": [],
      "suites": [
        {
          "uuid": "ed9d5f6f-c366-426b-83b8-3e2afc03e51a",
          "title": "Validate that Page loaded",
          "fullFile": "",
          "file": "",
          "beforeHooks": [],
          "afterHooks": [],
          "tests": [
            {
              "title": "Validate Landing Page",
              "fullTitle": "Validate that Page loaded Validate Landing Page",
              "timedOut": null,
              "duration": 14613,
              "state": "passed",
              "speed": "slow",
              "pass": true,
              "fail": false,
              "pending": false,
              "context": null,
              "code": "const cardText = [\"Elements\", \"Forms\", \"Alerts, Frame & Windows\", \"Widgets\", \"Interactions\", \"Book Store Application\"];\nlaunchinpage.launchDemosite();\nlaunchinpage.iterationinall(cardText);\nlaunchinpage.openWebForms(launchingData.LHSElements);",
              "err": {},
              "uuid": "c2361050-7624-4cd0-9390-233928bb5813",
              "parentUUID": "ed9d5f6f-c366-426b-83b8-3e2afc03e51a",
              "isHook": false,
              "skipped": false
            }
          ],
          "suites": [],
          "passes": [
            "c2361050-7624-4cd0-9390-233928bb5813"
          ],
          "failures": [],
          "pending": [],
          "skipped": [],
          "duration": 14613,
          "root": false,
          "rootEmpty": false,
          "_timeout": 2000
        }
      ],
      "passes": [],
      "failures": [],
      "pending": [],
      "skipped": [],
      "duration": 0,
      "root": true,
      "rootEmpty": true,
      "_timeout": 2000
    }
  ],
  "meta": {
    "mocha": {
      "version": "7.0.1"
    },
    "mochawesome": {
      "options": {
        "quiet": false,
        "reportFilename": "mochawesome",
        "saveHtml": true,
        "saveJson": true,
        "consoleReporter": "spec",
        "useInlineDiffs": false,
        "code": true
      },
      "version": "7.1.3"
    },
    "marge": {
      "options": {
        "reportDir": "cypress/reports",
        "overwrite": false,
        "html": true,
        "json": true,
        "charts": true
      },
      "version": "6.2.0"
    }
  }
}