{
  "stats": {
    "suites": 1,
    "tests": 1,
    "passes": 1,
    "pending": 0,
    "failures": 0,
    "start": "2024-12-31T10:23:48.468Z",
    "end": "2024-12-31T10:24:05.243Z",
    "duration": 16775,
    "testsRegistered": 1,
    "passPercent": 100,
    "pendingPercent": 0,
    "other": 0,
    "hasOther": false,
    "skipped": 0,
    "hasSkipped": false
  },
  "results": [
    {
      "uuid": "b6056c29-524c-4561-ada0-e40aad172482",
      "title": "",
      "fullFile": "cypress\\e2e\\tests\\toolTipTest.cy.js",
      "file": "cypress\\e2e\\tests\\toolTipTest.cy.js",
      "beforeHooks": [],
      "afterHooks": [],
      "tests": [],
      "suites": [
        {
          "uuid": "98033213-0f57-4994-bde9-47cf391081cc",
          "title": "Validation for Tool Tips",
          "fullFile": "",
          "file": "",
          "beforeHooks": [],
          "afterHooks": [],
          "tests": [
            {
              "title": "test case for validation of Tool Tips",
              "fullTitle": "Validation for Tool Tips test case for validation of Tool Tips",
              "timedOut": null,
              "duration": 14138,
              "state": "passed",
              "speed": "slow",
              "pass": true,
              "fail": false,
              "pending": false,
              "context": null,
              "code": "Cypress.on('uncaught:exception', (err, runnable) => {\n  return false;\n});\nlet textFromdiv = \"Widgets\";\nlaunchinpage16.launchDemosite();\nlaunchinpage16.openWebForms(toolTipValidation.LHSWidget);\naE16.openSection(toolTipValidation.SectionToolTip);\ntt.HoverandValidateButtonToolTip();\ntt.HoverandValidateTextToolTip();",
              "err": {},
              "uuid": "c30bf8a8-c998-467b-b55e-42d561ce84b5",
              "parentUUID": "98033213-0f57-4994-bde9-47cf391081cc",
              "isHook": false,
              "skipped": false
            }
          ],
          "suites": [],
          "passes": [
            "c30bf8a8-c998-467b-b55e-42d561ce84b5"
          ],
          "failures": [],
          "pending": [],
          "skipped": [],
          "duration": 14138,
          "root": false,
          "rootEmpty": false,
          "_timeout": 2000
        }
      ],
      "passes": [],
      "failures": [],
      "pending": [],
      "skipped": [],
      "duration": 0,
      "root": true,
      "rootEmpty": true,
      "_timeout": 2000
    }
  ],
  "meta": {
    "mocha": {
      "version": "7.0.1"
    },
    "mochawesome": {
      "options": {
        "quiet": false,
        "reportFilename": "mochawesome",
        "saveHtml": true,
        "saveJson": true,
        "consoleReporter": "spec",
        "useInlineDiffs": false,
        "code": true
      },
      "version": "7.1.3"
    },
    "marge": {
      "options": {
        "reportDir": "cypress/reports",
        "overwrite": false,
        "html": true,
        "json": true,
        "charts": true
      },
      "version": "6.2.0"
    }
  }
}