{
  "stats": {
    "suites": 1,
    "tests": 1,
    "passes": 1,
    "pending": 0,
    "failures": 0,
    "start": "2024-12-31T10:14:32.406Z",
    "end": "2024-12-31T10:14:51.877Z",
    "duration": 19471,
    "testsRegistered": 1,
    "passPercent": 100,
    "pendingPercent": 0,
    "other": 0,
    "hasOther": false,
    "skipped": 0,
    "hasSkipped": false
  },
  "results": [
    {
      "uuid": "403ca7be-7f26-459b-900b-f59c634cd262",
      "title": "",
      "fullFile": "cypress\\e2e\\tests\\bookStoreRegistrationTest.cy.js",
      "file": "cypress\\e2e\\tests\\bookStoreRegistrationTest.cy.js",
      "beforeHooks": [],
      "afterHooks": [],
      "tests": [],
      "suites": [
        {
          "uuid": "b5ba426b-2b5c-4f89-81bc-4abfff2b0ad3",
          "title": "Book Store Registration",
          "fullFile": "",
          "file": "",
          "beforeHooks": [],
          "afterHooks": [],
          "tests": [
            {
              "title": "test case for Book Store Registration",
              "fullTitle": "Book Store Registration test case for Book Store Registration",
              "timedOut": null,
              "duration": 16340,
              "state": "passed",
              "speed": "slow",
              "pass": true,
              "fail": false,
              "pending": false,
              "context": null,
              "code": "Cypress.on('uncaught:exception', (err, runnable) => {\n  // handle the error\n  console.error(err);\n});\nlaunchinpage8.launchDemosite();\nlaunchinpage8.openWebForms(bookStoreRegistrationValidation.LHSBook);\naE8.openSection(bookStoreRegistrationValidation.SectionBookStore);\nbsl1.clickonLoginbutton();\nbsr.clickonNewuserbutton();\nbsr.enterFirstName(bookStoreRegistrationText.FirstName);\nbsr.enterlastName(bookStoreRegistrationText.LastName);\nbsr.enterUserName(bookStoreRegistrationValidation.userName);\nbsr.enterPassword(bookStoreRegistrationValidation.passWord);\n// bsr.clickonRecaptchabutton();\nbsr.clickonRegisterbutton();",
              "err": {},
              "uuid": "181f5d41-6ac8-46b7-b23e-4e4764681bc5",
              "parentUUID": "b5ba426b-2b5c-4f89-81bc-4abfff2b0ad3",
              "isHook": false,
              "skipped": false
            }
          ],
          "suites": [],
          "passes": [
            "181f5d41-6ac8-46b7-b23e-4e4764681bc5"
          ],
          "failures": [],
          "pending": [],
          "skipped": [],
          "duration": 16340,
          "root": false,
          "rootEmpty": false,
          "_timeout": 2000
        }
      ],
      "passes": [],
      "failures": [],
      "pending": [],
      "skipped": [],
      "duration": 0,
      "root": true,
      "rootEmpty": true,
      "_timeout": 2000
    }
  ],
  "meta": {
    "mocha": {
      "version": "7.0.1"
    },
    "mochawesome": {
      "options": {
        "quiet": false,
        "reportFilename": "mochawesome",
        "saveHtml": true,
        "saveJson": true,
        "consoleReporter": "spec",
        "useInlineDiffs": false,
        "code": true
      },
      "version": "7.1.3"
    },
    "marge": {
      "options": {
        "reportDir": "cypress/reports",
        "overwrite": false,
        "html": true,
        "json": true,
        "charts": true
      },
      "version": "6.2.0"
    }
  }
}