{
  "stats": {
    "suites": 1,
    "tests": 1,
    "passes": 1,
    "pending": 0,
    "failures": 0,
    "start": "2024-12-31T10:22:21.308Z",
    "end": "2024-12-31T10:22:40.018Z",
    "duration": 18710,
    "testsRegistered": 1,
    "passPercent": 100,
    "pendingPercent": 0,
    "other": 0,
    "hasOther": false,
    "skipped": 0,
    "hasSkipped": false
  },
  "results": [
    {
      "uuid": "587baaf7-5677-497e-ad2d-ddbd56fef974",
      "title": "",
      "fullFile": "cypress\\e2e\\tests\\radioButtontest.cy.js",
      "file": "cypress\\e2e\\tests\\radioButtontest.cy.js",
      "beforeHooks": [],
      "afterHooks": [],
      "tests": [],
      "suites": [
        {
          "uuid": "a4425311-af43-44d0-abf4-e308cbf53419",
          "title": "Validate the Radio button selection",
          "fullFile": "",
          "file": "",
          "beforeHooks": [],
          "afterHooks": [],
          "tests": [
            {
              "title": "Radio button validation selection",
              "fullTitle": "Validate the Radio button selection Radio button validation selection",
              "timedOut": null,
              "duration": 16067,
              "state": "passed",
              "speed": "slow",
              "pass": true,
              "fail": false,
              "pending": false,
              "context": null,
              "code": "launchinpage2.launchDemosite();\nlaunchinpage2.openWebForms(RadioButtonValidation.LHSElements);\naE2.openSection(RadioButtonValidation.SectionRadioButton);\nvr.selectRadiobutton(RadioButtonSelection.selection);",
              "err": {},
              "uuid": "e94cc963-6393-47af-866a-0ed56d3d72e1",
              "parentUUID": "a4425311-af43-44d0-abf4-e308cbf53419",
              "isHook": false,
              "skipped": false
            }
          ],
          "suites": [],
          "passes": [
            "e94cc963-6393-47af-866a-0ed56d3d72e1"
          ],
          "failures": [],
          "pending": [],
          "skipped": [],
          "duration": 16067,
          "root": false,
          "rootEmpty": false,
          "_timeout": 2000
        }
      ],
      "passes": [],
      "failures": [],
      "pending": [],
      "skipped": [],
      "duration": 0,
      "root": true,
      "rootEmpty": true,
      "_timeout": 2000
    }
  ],
  "meta": {
    "mocha": {
      "version": "7.0.1"
    },
    "mochawesome": {
      "options": {
        "quiet": false,
        "reportFilename": "mochawesome",
        "saveHtml": true,
        "saveJson": true,
        "consoleReporter": "spec",
        "useInlineDiffs": false,
        "code": true
      },
      "version": "7.1.3"
    },
    "marge": {
      "options": {
        "reportDir": "cypress/reports",
        "overwrite": false,
        "html": true,
        "json": true,
        "charts": true
      },
      "version": "6.2.0"
    }
  }
}