{
  "stats": {
    "suites": 1,
    "tests": 1,
    "passes": 1,
    "pending": 0,
    "failures": 0,
    "start": "2024-12-31T10:24:07.789Z",
    "end": "2024-12-31T10:24:34.322Z",
    "duration": 26533,
    "testsRegistered": 1,
    "passPercent": 100,
    "pendingPercent": 0,
    "other": 0,
    "hasOther": false,
    "skipped": 0,
    "hasSkipped": false
  },
  "results": [
    {
      "uuid": "ed7efd1d-3497-472c-8967-371df77b4218",
      "title": "",
      "fullFile": "cypress\\e2e\\tests\\uploadfileTest.cy.js",
      "file": "cypress\\e2e\\tests\\uploadfileTest.cy.js",
      "beforeHooks": [],
      "afterHooks": [],
      "tests": [],
      "suites": [
        {
          "uuid": "2cbda5ef-00a3-49fe-9555-ead63729fb28",
          "title": "Upload File Scenariosn",
          "fullFile": "",
          "file": "",
          "beforeHooks": [],
          "afterHooks": [],
          "tests": [
            {
              "title": "Upload File Test Case",
              "fullTitle": "Upload File Scenariosn Upload File Test Case",
              "timedOut": null,
              "duration": 23702,
              "state": "passed",
              "speed": "slow",
              "pass": true,
              "fail": false,
              "pending": false,
              "context": null,
              "code": "launchinpage6.launchDemosite();\nlaunchinpage6.openWebForms(uploadFileValidation.LHSElements);\naE6.openSection(uploadFileValidation.SectionUploadDownload);\nuploadFile.uploadfile(uploadFileValidation.filePath);\nuploadFile.validatedUploadfile();\nuploadFile.validateddownloadedfile();",
              "err": {},
              "uuid": "4677f324-fe28-4687-b6c6-dad4b4c48cfe",
              "parentUUID": "2cbda5ef-00a3-49fe-9555-ead63729fb28",
              "isHook": false,
              "skipped": false
            }
          ],
          "suites": [],
          "passes": [
            "4677f324-fe28-4687-b6c6-dad4b4c48cfe"
          ],
          "failures": [],
          "pending": [],
          "skipped": [],
          "duration": 23702,
          "root": false,
          "rootEmpty": false,
          "_timeout": 2000
        }
      ],
      "passes": [],
      "failures": [],
      "pending": [],
      "skipped": [],
      "duration": 0,
      "root": true,
      "rootEmpty": true,
      "_timeout": 2000
    }
  ],
  "meta": {
    "mocha": {
      "version": "7.0.1"
    },
    "mochawesome": {
      "options": {
        "quiet": false,
        "reportFilename": "mochawesome",
        "saveHtml": true,
        "saveJson": true,
        "consoleReporter": "spec",
        "useInlineDiffs": false,
        "code": true
      },
      "version": "7.1.3"
    },
    "marge": {
      "options": {
        "reportDir": "cypress/reports",
        "overwrite": false,
        "html": true,
        "json": true,
        "charts": true
      },
      "version": "6.2.0"
    }
  }
}