{
  "stats": {
    "suites": 1,
    "tests": 1,
    "passes": 1,
    "pending": 0,
    "failures": 0,
    "start": "2024-12-31T10:21:10.481Z",
    "end": "2024-12-31T10:22:18.462Z",
    "duration": 67981,
    "testsRegistered": 1,
    "passPercent": 100,
    "pendingPercent": 0,
    "other": 0,
    "hasOther": false,
    "skipped": 0,
    "hasSkipped": false
  },
  "results": [
    {
      "uuid": "7b4d66cc-21c8-4500-924c-9ceca00b04e9",
      "title": "",
      "fullFile": "cypress\\e2e\\tests\\progressBarTest.cy.js",
      "file": "cypress\\e2e\\tests\\progressBarTest.cy.js",
      "beforeHooks": [],
      "afterHooks": [],
      "tests": [],
      "suites": [
        {
          "uuid": "941253a3-9147-42b8-a28d-c4300d87164f",
          "title": "Validation for Progress Bar",
          "fullFile": "",
          "file": "",
          "beforeHooks": [],
          "afterHooks": [],
          "tests": [
            {
              "title": "test case for validation of Progress Bar",
              "fullTitle": "Validation for Progress Bar test case for validation of Progress Bar",
              "timedOut": null,
              "duration": 65459,
              "state": "passed",
              "speed": "slow",
              "pass": true,
              "fail": false,
              "pending": false,
              "context": null,
              "code": "Cypress.on('uncaught:exception', (err, runnable) => {\n  return false;\n});\nlaunchinpage14.launchDemosite();\nlaunchinpage14.openWebForms(ProgressBarValidation.LHSWidget);\naE13.openSection(ProgressBarValidation.SectionProgressBar);\npb.measureProgressbar();\npb.checkResetButton();",
              "err": {},
              "uuid": "1c896fa9-1baa-4ae3-8092-41c1d70dee05",
              "parentUUID": "941253a3-9147-42b8-a28d-c4300d87164f",
              "isHook": false,
              "skipped": false
            }
          ],
          "suites": [],
          "passes": [
            "1c896fa9-1baa-4ae3-8092-41c1d70dee05"
          ],
          "failures": [],
          "pending": [],
          "skipped": [],
          "duration": 65459,
          "root": false,
          "rootEmpty": false,
          "_timeout": 2000
        }
      ],
      "passes": [],
      "failures": [],
      "pending": [],
      "skipped": [],
      "duration": 0,
      "root": true,
      "rootEmpty": true,
      "_timeout": 2000
    }
  ],
  "meta": {
    "mocha": {
      "version": "7.0.1"
    },
    "mochawesome": {
      "options": {
        "quiet": false,
        "reportFilename": "mochawesome",
        "saveHtml": true,
        "saveJson": true,
        "consoleReporter": "spec",
        "useInlineDiffs": false,
        "code": true
      },
      "version": "7.1.3"
    },
    "marge": {
      "options": {
        "reportDir": "cypress/reports",
        "overwrite": false,
        "html": true,
        "json": true,
        "charts": true
      },
      "version": "6.2.0"
    }
  }
}