{
  "stats": {
    "suites": 1,
    "tests": 1,
    "passes": 1,
    "pending": 0,
    "failures": 0,
    "start": "2024-12-31T10:13:45.083Z",
    "end": "2024-12-31T10:14:06.619Z",
    "duration": 21536,
    "testsRegistered": 1,
    "passPercent": 100,
    "pendingPercent": 0,
    "other": 0,
    "hasOther": false,
    "skipped": 0,
    "hasSkipped": false
  },
  "results": [
    {
      "uuid": "f871fa58-86ed-475a-b56e-5d93f9bbe975",
      "title": "",
      "fullFile": "cypress\\e2e\\tests\\autoCompleteTest.cy.js",
      "file": "cypress\\e2e\\tests\\autoCompleteTest.cy.js",
      "beforeHooks": [],
      "afterHooks": [],
      "tests": [],
      "suites": [
        {
          "uuid": "9233d67c-f39c-4998-aa0a-03b1e72a6694",
          "title": "Validation for AutoComplete",
          "fullFile": "",
          "file": "",
          "beforeHooks": [],
          "afterHooks": [],
          "tests": [
            {
              "title": "test case for validation of AutoComplete",
              "fullTitle": "Validation for AutoComplete test case for validation of AutoComplete",
              "timedOut": null,
              "duration": 16494,
              "state": "passed",
              "speed": "slow",
              "pass": true,
              "fail": false,
              "pending": false,
              "context": null,
              "code": "// let textFromdiv = \"Widgets\";\nlaunchinpage8.launchDemosite();\nlaunchinpage8.openWebForms(autoCompleteValidation.LHSWidget);\naE8.openSection(autoCompleteValidation.SectionAutoComplete);\nac.enterMulticolor();\nac.enterSinglecolor();",
              "err": {},
              "uuid": "4f6119a8-48df-44e0-9f65-4a2b729e45da",
              "parentUUID": "9233d67c-f39c-4998-aa0a-03b1e72a6694",
              "isHook": false,
              "skipped": false
            }
          ],
          "suites": [],
          "passes": [
            "4f6119a8-48df-44e0-9f65-4a2b729e45da"
          ],
          "failures": [],
          "pending": [],
          "skipped": [],
          "duration": 16494,
          "root": false,
          "rootEmpty": false,
          "_timeout": 2000
        }
      ],
      "passes": [],
      "failures": [],
      "pending": [],
      "skipped": [],
      "duration": 0,
      "root": true,
      "rootEmpty": true,
      "_timeout": 2000
    }
  ],
  "meta": {
    "mocha": {
      "version": "7.0.1"
    },
    "mochawesome": {
      "options": {
        "quiet": false,
        "reportFilename": "mochawesome",
        "saveHtml": true,
        "saveJson": true,
        "consoleReporter": "spec",
        "useInlineDiffs": false,
        "code": true
      },
      "version": "7.1.3"
    },
    "marge": {
      "options": {
        "reportDir": "cypress/reports",
        "overwrite": false,
        "html": true,
        "json": true,
        "charts": true
      },
      "version": "6.2.0"
    }
  }
}