{
  "stats": {
    "suites": 1,
    "tests": 1,
    "passes": 1,
    "pending": 0,
    "failures": 0,
    "start": "2024-12-31T10:14:54.764Z",
    "end": "2024-12-31T10:15:13.438Z",
    "duration": 18674,
    "testsRegistered": 1,
    "passPercent": 100,
    "pendingPercent": 0,
    "other": 0,
    "hasOther": false,
    "skipped": 0,
    "hasSkipped": false
  },
  "results": [
    {
      "uuid": "e4ff6d63-9009-480b-8e23-b33be88cce77",
      "title": "",
      "fullFile": "cypress\\e2e\\tests\\brokenlinskTest.cy.js",
      "file": "cypress\\e2e\\tests\\brokenlinskTest.cy.js",
      "beforeHooks": [],
      "afterHooks": [],
      "tests": [],
      "suites": [
        {
          "uuid": "beee3a30-dac6-4423-8c72-7e3068a12cc2",
          "title": "Find broken links on the page",
          "fullFile": "",
          "file": "",
          "beforeHooks": [],
          "afterHooks": [],
          "tests": [
            {
              "title": "verify navigation across the pages",
              "fullTitle": "Find broken links on the page verify navigation across the pages",
              "timedOut": null,
              "duration": 16232,
              "state": "passed",
              "speed": "slow",
              "pass": true,
              "fail": false,
              "pending": false,
              "context": null,
              "code": "launchinpage5.launchDemosite();\nlaunchinpage5.openWebForms(brokenLinksdata.LHSElements);\naE5.openSection(brokenLinksdata.SectionBroken);\nlet brokenLinks = 0;\nlet activeLinks = 0;\ncy.get('a').each(($link, index) => {\n  const href = $link.attr('href');\n  if (href) {\n    cy.request({\n      url: href,\n      failOnStatusCode: false\n    }).then(response => {\n      if (response.status >= 400) {\n        cy.log(`**** link  ${index + 1} is Broken Link *** ${href} `);\n        brokenLinks++;\n      } else {\n        cy.log(`**** link  ${index + 1} is Active Link *** ${href} `);\n        activeLinks++;\n      }\n    });\n  }\n}).then($links => {\n  const totalLinks = $links.length;\n  cy.log(`**** total links **** ${totalLinks}`);\n  cy.log(`**** broken links **** ${brokenLinks}`);\n  cy.log(`**** active links **** ${activeLinks}`);\n});",
              "err": {},
              "uuid": "1a36f552-c1a7-490f-aaa0-cadd6693e0a2",
              "parentUUID": "beee3a30-dac6-4423-8c72-7e3068a12cc2",
              "isHook": false,
              "skipped": false
            }
          ],
          "suites": [],
          "passes": [
            "1a36f552-c1a7-490f-aaa0-cadd6693e0a2"
          ],
          "failures": [],
          "pending": [],
          "skipped": [],
          "duration": 16232,
          "root": false,
          "rootEmpty": false,
          "_timeout": 2000
        }
      ],
      "passes": [],
      "failures": [],
      "pending": [],
      "skipped": [],
      "duration": 0,
      "root": true,
      "rootEmpty": true,
      "_timeout": 2000
    }
  ],
  "meta": {
    "mocha": {
      "version": "7.0.1"
    },
    "mochawesome": {
      "options": {
        "quiet": false,
        "reportFilename": "mochawesome",
        "saveHtml": true,
        "saveJson": true,
        "consoleReporter": "spec",
        "useInlineDiffs": false,
        "code": true
      },
      "version": "7.1.3"
    },
    "marge": {
      "options": {
        "reportDir": "cypress/reports",
        "overwrite": false,
        "html": true,
        "json": true,
        "charts": true
      },
      "version": "6.2.0"
    }
  }
}