{
  "stats": {
    "suites": 1,
    "tests": 1,
    "passes": 1,
    "pending": 0,
    "failures": 0,
    "start": "2024-12-31T10:15:36.651Z",
    "end": "2024-12-31T10:15:54.593Z",
    "duration": 17942,
    "testsRegistered": 1,
    "passPercent": 100,
    "pendingPercent": 0,
    "other": 0,
    "hasOther": false,
    "skipped": 0,
    "hasSkipped": false
  },
  "results": [
    {
      "uuid": "8793fa65-146e-4ee5-8267-f0d8d0a3b15a",
      "title": "",
      "fullFile": "cypress\\e2e\\tests\\checkBoxtextTest.cy.js",
      "file": "cypress\\e2e\\tests\\checkBoxtextTest.cy.js",
      "beforeHooks": [],
      "afterHooks": [],
      "tests": [],
      "suites": [
        {
          "uuid": "4d68e018-ac92-4269-864e-7003fa8969da",
          "title": "this is for checkbox",
          "fullFile": "",
          "file": "",
          "beforeHooks": [],
          "afterHooks": [],
          "tests": [
            {
              "title": "this is for checkbox validation",
              "fullTitle": "this is for checkbox this is for checkbox validation",
              "timedOut": null,
              "duration": 15420,
              "state": "passed",
              "speed": "slow",
              "pass": true,
              "fail": false,
              "pending": false,
              "context": null,
              "code": "const allText = [\"You have selected :\", \"home\", \"desktop\", \"notes\", \"commands\", \"documents\", \"workspace\", \"react\", \"angular\", \"veu\", \"office\", \"public\", \"private\", \"classified\", \"general\", \"downloads\", \"wordFile\", \"excelFile\"];\nlaunchinpage2.launchDemosite();\nlaunchinpage2.openWebForms(Buttondata.LHSElements);\naE1.verifyTotalLHSelement();\naE1.openSection(Buttondata.LinkCheckBox);\nvc.checkboxClick();\nvc.validateallselectedText(allText);",
              "err": {},
              "uuid": "b3a037ea-b125-47ca-828e-699d79dc3209",
              "parentUUID": "4d68e018-ac92-4269-864e-7003fa8969da",
              "isHook": false,
              "skipped": false
            }
          ],
          "suites": [],
          "passes": [
            "b3a037ea-b125-47ca-828e-699d79dc3209"
          ],
          "failures": [],
          "pending": [],
          "skipped": [],
          "duration": 15420,
          "root": false,
          "rootEmpty": false,
          "_timeout": 2000
        }
      ],
      "passes": [],
      "failures": [],
      "pending": [],
      "skipped": [],
      "duration": 0,
      "root": true,
      "rootEmpty": true,
      "_timeout": 2000
    }
  ],
  "meta": {
    "mocha": {
      "version": "7.0.1"
    },
    "mochawesome": {
      "options": {
        "quiet": false,
        "reportFilename": "mochawesome",
        "saveHtml": true,
        "saveJson": true,
        "consoleReporter": "spec",
        "useInlineDiffs": false,
        "code": true
      },
      "version": "7.1.3"
    },
    "marge": {
      "options": {
        "reportDir": "cypress/reports",
        "overwrite": false,
        "html": true,
        "json": true,
        "charts": true
      },
      "version": "6.2.0"
    }
  }
}