{
  "stats": {
    "suites": 1,
    "tests": 1,
    "passes": 1,
    "pending": 0,
    "failures": 0,
    "start": "2024-12-31T10:20:06.320Z",
    "end": "2024-12-31T10:20:25.322Z",
    "duration": 19002,
    "testsRegistered": 1,
    "passPercent": 100,
    "pendingPercent": 0,
    "other": 0,
    "hasOther": false,
    "skipped": 0,
    "hasSkipped": false
  },
  "results": [
    {
      "uuid": "7080d55c-43fb-4d20-9e58-4af3a633a373",
      "title": "",
      "fullFile": "cypress\\e2e\\tests\\modalTest.cy.js",
      "file": "cypress\\e2e\\tests\\modalTest.cy.js",
      "beforeHooks": [],
      "afterHooks": [],
      "tests": [],
      "suites": [
        {
          "uuid": "f87e7981-9685-4c06-a434-0250ac31f497",
          "title": "Validation for differnt Modal",
          "fullFile": "",
          "file": "",
          "beforeHooks": [],
          "afterHooks": [],
          "tests": [
            {
              "title": "test case for validation of different Modal",
              "fullTitle": "Validation for differnt Modal test case for validation of different Modal",
              "timedOut": null,
              "duration": 16325,
              "state": "passed",
              "speed": "slow",
              "pass": true,
              "fail": false,
              "pending": false,
              "context": null,
              "code": "launchinpage11.launchDemosite();\nlaunchinpage11.openWebForms(ModalValidation.LHSAlert);\naE11.openSection(ModalValidation.SectionModal);\nmo.validatesmallModal(ModalTextValidation.smallModal);\nmo.validatelargeModal(ModalTextValidation.LargeModal);",
              "err": {},
              "uuid": "3999c382-4cb4-4b6f-a762-cff0b2303160",
              "parentUUID": "f87e7981-9685-4c06-a434-0250ac31f497",
              "isHook": false,
              "skipped": false
            }
          ],
          "suites": [],
          "passes": [
            "3999c382-4cb4-4b6f-a762-cff0b2303160"
          ],
          "failures": [],
          "pending": [],
          "skipped": [],
          "duration": 16325,
          "root": false,
          "rootEmpty": false,
          "_timeout": 2000
        }
      ],
      "passes": [],
      "failures": [],
      "pending": [],
      "skipped": [],
      "duration": 0,
      "root": true,
      "rootEmpty": true,
      "_timeout": 2000
    }
  ],
  "meta": {
    "mocha": {
      "version": "7.0.1"
    },
    "mochawesome": {
      "options": {
        "quiet": false,
        "reportFilename": "mochawesome",
        "saveHtml": true,
        "saveJson": true,
        "consoleReporter": "spec",
        "useInlineDiffs": false,
        "code": true
      },
      "version": "7.1.3"
    },
    "marge": {
      "options": {
        "reportDir": "cypress/reports",
        "overwrite": false,
        "html": true,
        "json": true,
        "charts": true
      },
      "version": "6.2.0"
    }
  }
}