{
  "stats": {
    "suites": 1,
    "tests": 1,
    "passes": 1,
    "pending": 0,
    "failures": 0,
    "start": "2024-12-31T10:23:27.306Z",
    "end": "2024-12-31T10:23:45.461Z",
    "duration": 18155,
    "testsRegistered": 1,
    "passPercent": 100,
    "pendingPercent": 0,
    "other": 0,
    "hasOther": false,
    "skipped": 0,
    "hasSkipped": false
  },
  "results": [
    {
      "uuid": "1cf32bd6-fd17-4a49-817d-35fa49b625ca",
      "title": "",
      "fullFile": "cypress\\e2e\\tests\\tabtest.cy.js",
      "file": "cypress\\e2e\\tests\\tabtest.cy.js",
      "beforeHooks": [],
      "afterHooks": [],
      "tests": [],
      "suites": [
        {
          "uuid": "ee73df7b-61c8-48d9-84cc-728474b59fb7",
          "title": "Validation for Tabs",
          "fullFile": "",
          "file": "",
          "beforeHooks": [],
          "afterHooks": [],
          "tests": [
            {
              "title": "test case for validation of Tabs",
              "fullTitle": "Validation for Tabs test case for validation of Tabs",
              "timedOut": null,
              "duration": 15413,
              "state": "passed",
              "speed": "slow",
              "pass": true,
              "fail": false,
              "pending": false,
              "context": null,
              "code": "Cypress.on('uncaught:exception', (err, runnable) => {\n  return false;\n});\nlaunchinpage15.launchDemosite();\nlaunchinpage15.openWebForms(tabTestValidation.LHSWidget);\naE15.openSection(tabTestValidation.SectionTabs);\ntb.openWhattab(tabTestTextValidation.WhatTab);\ntb.openOrigintab(tabTestTextValidation.OriginTab);\ntb.openUsetab(tabTestTextValidation.UseTab);",
              "err": {},
              "uuid": "cabde6a6-c3ed-4eb1-8f6e-1c4590911a06",
              "parentUUID": "ee73df7b-61c8-48d9-84cc-728474b59fb7",
              "isHook": false,
              "skipped": false
            }
          ],
          "suites": [],
          "passes": [
            "cabde6a6-c3ed-4eb1-8f6e-1c4590911a06"
          ],
          "failures": [],
          "pending": [],
          "skipped": [],
          "duration": 15413,
          "root": false,
          "rootEmpty": false,
          "_timeout": 2000
        }
      ],
      "passes": [],
      "failures": [],
      "pending": [],
      "skipped": [],
      "duration": 0,
      "root": true,
      "rootEmpty": true,
      "_timeout": 2000
    }
  ],
  "meta": {
    "mocha": {
      "version": "7.0.1"
    },
    "mochawesome": {
      "options": {
        "quiet": false,
        "reportFilename": "mochawesome",
        "saveHtml": true,
        "saveJson": true,
        "consoleReporter": "spec",
        "useInlineDiffs": false,
        "code": true
      },
      "version": "7.1.3"
    },
    "marge": {
      "options": {
        "reportDir": "cypress/reports",
        "overwrite": false,
        "html": true,
        "json": true,
        "charts": true
      },
      "version": "6.2.0"
    }
  }
}