{
  "stats": {
    "suites": 1,
    "tests": 1,
    "passes": 1,
    "pending": 0,
    "failures": 0,
    "start": "2024-12-31T10:19:36.451Z",
    "end": "2024-12-31T10:20:03.651Z",
    "duration": 27200,
    "testsRegistered": 1,
    "passPercent": 100,
    "pendingPercent": 0,
    "other": 0,
    "hasOther": false,
    "skipped": 0,
    "hasSkipped": false
  },
  "results": [
    {
      "uuid": "3836277a-b97d-434f-8fd7-e9614b08c70f",
      "title": "",
      "fullFile": "cypress\\e2e\\tests\\menuTest.cy.js",
      "file": "cypress\\e2e\\tests\\menuTest.cy.js",
      "beforeHooks": [],
      "afterHooks": [],
      "tests": [],
      "suites": [
        {
          "uuid": "17abb7b1-30a2-443d-afab-b418867b95a0",
          "title": "Validation for Menu",
          "fullFile": "",
          "file": "",
          "beforeHooks": [],
          "afterHooks": [],
          "tests": [
            {
              "title": "test case for validation of Menu",
              "fullTitle": "Validation for Menu test case for validation of Menu",
              "timedOut": null,
              "duration": 24613,
              "state": "passed",
              "speed": "slow",
              "pass": true,
              "fail": false,
              "pending": false,
              "context": null,
              "code": "Cypress.on('uncaught:exception', (err, runnable) => {\n  return false;\n});\nlaunchinpage17.launchDemosite();\nlaunchinpage17.openWebForms(MenuValidation.LHSWidget);\naE17.openSection(MenuValidation.SectionMenu);\nmu.verifyMenuItems();",
              "err": {},
              "uuid": "fd0658aa-c86a-4552-acc9-818284a11ba9",
              "parentUUID": "17abb7b1-30a2-443d-afab-b418867b95a0",
              "isHook": false,
              "skipped": false
            }
          ],
          "suites": [],
          "passes": [
            "fd0658aa-c86a-4552-acc9-818284a11ba9"
          ],
          "failures": [],
          "pending": [],
          "skipped": [],
          "duration": 24613,
          "root": false,
          "rootEmpty": false,
          "_timeout": 2000
        }
      ],
      "passes": [],
      "failures": [],
      "pending": [],
      "skipped": [],
      "duration": 0,
      "root": true,
      "rootEmpty": true,
      "_timeout": 2000
    }
  ],
  "meta": {
    "mocha": {
      "version": "7.0.1"
    },
    "mochawesome": {
      "options": {
        "quiet": false,
        "reportFilename": "mochawesome",
        "saveHtml": true,
        "saveJson": true,
        "consoleReporter": "spec",
        "useInlineDiffs": false,
        "code": true
      },
      "version": "7.1.3"
    },
    "marge": {
      "options": {
        "reportDir": "cypress/reports",
        "overwrite": false,
        "html": true,
        "json": true,
        "charts": true
      },
      "version": "6.2.0"
    }
  }
}