{
  "stats": {
    "suites": 1,
    "tests": 1,
    "passes": 1,
    "pending": 0,
    "failures": 0,
    "start": "2024-12-31T10:13:17.457Z",
    "end": "2024-12-31T10:13:40.802Z",
    "duration": 23345,
    "testsRegistered": 1,
    "passPercent": 100,
    "pendingPercent": 0,
    "other": 0,
    "hasOther": false,
    "skipped": 0,
    "hasSkipped": false
  },
  "results": [
    {
      "uuid": "8e76a0b6-04d7-4a03-b756-a39ba2f3f5ff",
      "title": "",
      "fullFile": "cypress\\e2e\\tests\\alertValidationTest.cy.js",
      "file": "cypress\\e2e\\tests\\alertValidationTest.cy.js",
      "beforeHooks": [],
      "afterHooks": [],
      "tests": [],
      "suites": [
        {
          "uuid": "2b582569-0c8d-4046-a4eb-da6a67b7ded2",
          "title": "Validation for differnt alerts",
          "fullFile": "",
          "file": "",
          "beforeHooks": [],
          "afterHooks": [],
          "tests": [
            {
              "title": "test case for validation of different alerts",
              "fullTitle": "Validation for differnt alerts test case for validation of different alerts",
              "timedOut": null,
              "duration": 19774,
              "state": "passed",
              "speed": "slow",
              "pass": true,
              "fail": false,
              "pending": false,
              "context": null,
              "code": "launchinpage8.launchDemosite();\nlaunchinpage8.openWebForms(data.LHSAlert);\naE8.openSection(data.SectionAlert);\nal8.alertValidationforClickMeButton(Alertdata.ClickMeFirstButtonText);\nal8.alertValidationforConfirmClickMeButton(Alertdata.ClickMeSecondButtonText, Alertdata.ClickMeSecondButtonTextOne);\nal8.alertValidationforPromptClickMeButton(Alertdata.ClickMeFourthButtonText, Alertdata.ClickMeFourthButtonTextOne);",
              "err": {},
              "uuid": "681cad97-091a-41cd-9dfc-ee5148df7d4d",
              "parentUUID": "2b582569-0c8d-4046-a4eb-da6a67b7ded2",
              "isHook": false,
              "skipped": false
            }
          ],
          "suites": [],
          "passes": [
            "681cad97-091a-41cd-9dfc-ee5148df7d4d"
          ],
          "failures": [],
          "pending": [],
          "skipped": [],
          "duration": 19774,
          "root": false,
          "rootEmpty": false,
          "_timeout": 2000
        }
      ],
      "passes": [],
      "failures": [],
      "pending": [],
      "skipped": [],
      "duration": 0,
      "root": true,
      "rootEmpty": true,
      "_timeout": 2000
    }
  ],
  "meta": {
    "mocha": {
      "version": "7.0.1"
    },
    "mochawesome": {
      "options": {
        "quiet": false,
        "reportFilename": "mochawesome",
        "saveHtml": true,
        "saveJson": true,
        "consoleReporter": "spec",
        "useInlineDiffs": false,
        "code": true
      },
      "version": "7.1.3"
    },
    "marge": {
      "options": {
        "reportDir": "cypress/reports",
        "overwrite": false,
        "html": true,
        "json": true,
        "charts": true
      },
      "version": "6.2.0"
    }
  }
}