{
  "stats": {
    "suites": 1,
    "tests": 1,
    "passes": 1,
    "pending": 0,
    "failures": 0,
    "start": "2024-12-31T10:20:48.507Z",
    "end": "2024-12-31T10:21:07.669Z",
    "duration": 19162,
    "testsRegistered": 1,
    "passPercent": 100,
    "pendingPercent": 0,
    "other": 0,
    "hasOther": false,
    "skipped": 0,
    "hasSkipped": false
  },
  "results": [
    {
      "uuid": "56d364e1-d984-4445-a8ce-b7d4d38e4c8d",
      "title": "",
      "fullFile": "cypress\\e2e\\tests\\openFormTest.cy.js",
      "file": "cypress\\e2e\\tests\\openFormTest.cy.js",
      "beforeHooks": [],
      "afterHooks": [],
      "tests": [],
      "suites": [
        {
          "uuid": "2011959f-dcea-4f18-ae06-13f2e0554f3c",
          "title": "Open Form and Fill the Form",
          "fullFile": "",
          "file": "",
          "beforeHooks": [],
          "afterHooks": [],
          "tests": [
            {
              "title": "Fill up the Form1",
              "fullTitle": "Open Form and Fill the Form Fill up the Form1",
              "timedOut": null,
              "duration": 16403,
              "state": "passed",
              "speed": "slow",
              "pass": true,
              "fail": false,
              "pending": false,
              "context": null,
              "code": "launchinpage7.launchDemosite();\nlaunchinpage7.openWebForms(OpenFormValidation.LHSForms);\naE7.openSection(OpenFormValidation.SectionPracticeForm);\nof1.enterFirstName(PracticeFormValidation.FirstName);\nof1.enterLastName(PracticeFormValidation.LastName);\nof1.enterEmailId(PracticeFormValidation.Email);\nof1.selectMaleRadioButton();\nof1.enterMobileNumber(PracticeFormValidation.MobileNumber);\nof1.selectHobby(PracticeFormValidation.HobbeySports);\nof1.enterCurrentAddess(PracticeFormValidation.Address);\n// of1.enterDOB(PracticeFormValidation.DOB);\nof1.enterSubject(PracticeFormValidation.Subject);\n// of1.selectState(PracticeFormValidation.State);\nof1.submitForm();\nof1.validateTable();\nof1.closeModal();",
              "err": {},
              "uuid": "832def40-9333-4ecf-8fec-d1a2d1bd00b8",
              "parentUUID": "2011959f-dcea-4f18-ae06-13f2e0554f3c",
              "isHook": false,
              "skipped": false
            }
          ],
          "suites": [],
          "passes": [
            "832def40-9333-4ecf-8fec-d1a2d1bd00b8"
          ],
          "failures": [],
          "pending": [],
          "skipped": [],
          "duration": 16403,
          "root": false,
          "rootEmpty": false,
          "_timeout": 2000
        }
      ],
      "passes": [],
      "failures": [],
      "pending": [],
      "skipped": [],
      "duration": 0,
      "root": true,
      "rootEmpty": true,
      "_timeout": 2000
    }
  ],
  "meta": {
    "mocha": {
      "version": "7.0.1"
    },
    "mochawesome": {
      "options": {
        "quiet": false,
        "reportFilename": "mochawesome",
        "saveHtml": true,
        "saveJson": true,
        "consoleReporter": "spec",
        "useInlineDiffs": false,
        "code": true
      },
      "version": "7.1.3"
    },
    "marge": {
      "options": {
        "reportDir": "cypress/reports",
        "overwrite": false,
        "html": true,
        "json": true,
        "charts": true
      },
      "version": "6.2.0"
    }
  }
}