{
  "stats": {
    "suites": 1,
    "tests": 1,
    "passes": 1,
    "pending": 0,
    "failures": 0,
    "start": "2024-12-31T10:20:28.169Z",
    "end": "2024-12-31T10:20:45.982Z",
    "duration": 17813,
    "testsRegistered": 1,
    "passPercent": 100,
    "pendingPercent": 0,
    "other": 0,
    "hasOther": false,
    "skipped": 0,
    "hasSkipped": false
  },
  "results": [
    {
      "uuid": "11cfe606-3e5a-44c8-8ca5-94b6ea984a59",
      "title": "",
      "fullFile": "cypress\\e2e\\tests\\nestedFrameTest.cy.js",
      "file": "cypress\\e2e\\tests\\nestedFrameTest.cy.js",
      "beforeHooks": [],
      "afterHooks": [],
      "tests": [],
      "suites": [
        {
          "uuid": "86d067f1-d254-4aed-829a-7b45f436f1e6",
          "title": "this is for the Nested Frame",
          "fullFile": "",
          "file": "",
          "beforeHooks": [],
          "afterHooks": [],
          "tests": [
            {
              "title": "this test case is for Nested frame validation",
              "fullTitle": "this is for the Nested Frame this test case is for Nested frame validation",
              "timedOut": null,
              "duration": 15235,
              "state": "passed",
              "speed": "slow",
              "pass": true,
              "fail": false,
              "pending": false,
              "context": null,
              "code": "launchinpage10.launchDemosite();\nlaunchinpage10.openWebForms(FrameValidation1.LHSAlert);\naE10.openSection(FrameValidation1.SectionNestedFrame);\nnfr.nestedFrames();",
              "err": {},
              "uuid": "5f0dd7fb-4a88-419f-b140-6516c3f73075",
              "parentUUID": "86d067f1-d254-4aed-829a-7b45f436f1e6",
              "isHook": false,
              "skipped": false
            }
          ],
          "suites": [],
          "passes": [
            "5f0dd7fb-4a88-419f-b140-6516c3f73075"
          ],
          "failures": [],
          "pending": [],
          "skipped": [],
          "duration": 15235,
          "root": false,
          "rootEmpty": false,
          "_timeout": 2000
        }
      ],
      "passes": [],
      "failures": [],
      "pending": [],
      "skipped": [],
      "duration": 0,
      "root": true,
      "rootEmpty": true,
      "_timeout": 2000
    }
  ],
  "meta": {
    "mocha": {
      "version": "7.0.1"
    },
    "mochawesome": {
      "options": {
        "quiet": false,
        "reportFilename": "mochawesome",
        "saveHtml": true,
        "saveJson": true,
        "consoleReporter": "spec",
        "useInlineDiffs": false,
        "code": true
      },
      "version": "7.1.3"
    },
    "marge": {
      "options": {
        "reportDir": "cypress/reports",
        "overwrite": false,
        "html": true,
        "json": true,
        "charts": true
      },
      "version": "6.2.0"
    }
  }
}