{
  "stats": {
    "suites": 1,
    "tests": 1,
    "passes": 1,
    "pending": 0,
    "failures": 0,
    "start": "2024-12-31T10:24:37.298Z",
    "end": "2024-12-31T10:24:55.969Z",
    "duration": 18671,
    "testsRegistered": 1,
    "passPercent": 100,
    "pendingPercent": 0,
    "other": 0,
    "hasOther": false,
    "skipped": 0,
    "hasSkipped": false
  },
  "results": [
    {
      "uuid": "735f753d-a860-4bd8-bedd-a4142654214b",
      "title": "",
      "fullFile": "cypress\\e2e\\tests\\verifytotalelementstest.cy.js",
      "file": "cypress\\e2e\\tests\\verifytotalelementstest.cy.js",
      "beforeHooks": [],
      "afterHooks": [],
      "tests": [],
      "suites": [
        {
          "uuid": "8fdfb761-1afd-4548-b4e1-31111147cb84",
          "title": "Validate that all elements are loaded",
          "fullFile": "",
          "file": "",
          "beforeHooks": [],
          "afterHooks": [],
          "tests": [
            {
              "title": "Validate all elements on a Page",
              "fullTitle": "Validate that all elements are loaded Validate all elements on a Page",
              "timedOut": null,
              "duration": 16062,
              "state": "passed",
              "speed": "slow",
              "pass": true,
              "fail": false,
              "pending": false,
              "context": null,
              "code": "cy.on('uncaught:exception', (err, runnable) => {\n  return false;\n});\nlaunchinpage1.launchDemosite();\nlaunchinpage1.openWebForms(totalElementsValidation.LHSElements);\naE.verifyTotalLHSelement();\naE.openSection(totalElementsValidation.SectionTextBox);\ntb.submitAddress(TextBoxValidation.FullName, TextBoxValidation.Email, TextBoxValidation.Address);\ntb.verifyaddessSaved();",
              "err": {},
              "uuid": "11e1de51-6b2b-4267-96ef-f227b383a500",
              "parentUUID": "8fdfb761-1afd-4548-b4e1-31111147cb84",
              "isHook": false,
              "skipped": false
            }
          ],
          "suites": [],
          "passes": [
            "11e1de51-6b2b-4267-96ef-f227b383a500"
          ],
          "failures": [],
          "pending": [],
          "skipped": [],
          "duration": 16062,
          "root": false,
          "rootEmpty": false,
          "_timeout": 2000
        }
      ],
      "passes": [],
      "failures": [],
      "pending": [],
      "skipped": [],
      "duration": 0,
      "root": true,
      "rootEmpty": true,
      "_timeout": 2000
    }
  ],
  "meta": {
    "mocha": {
      "version": "7.0.1"
    },
    "mochawesome": {
      "options": {
        "quiet": false,
        "reportFilename": "mochawesome",
        "saveHtml": true,
        "saveJson": true,
        "consoleReporter": "spec",
        "useInlineDiffs": false,
        "code": true
      },
      "version": "7.1.3"
    },
    "marge": {
      "options": {
        "reportDir": "cypress/reports",
        "overwrite": false,
        "html": true,
        "json": true,
        "charts": true
      },
      "version": "6.2.0"
    }
  }
}