{
  "stats": {
    "suites": 1,
    "tests": 1,
    "passes": 1,
    "pending": 0,
    "failures": 0,
    "start": "2024-12-31T10:23:07.222Z",
    "end": "2024-12-31T10:23:24.804Z",
    "duration": 17582,
    "testsRegistered": 1,
    "passPercent": 100,
    "pendingPercent": 0,
    "other": 0,
    "hasOther": false,
    "skipped": 0,
    "hasSkipped": false
  },
  "results": [
    {
      "uuid": "d216ec14-61d5-4860-9eff-cb68390349d5",
      "title": "",
      "fullFile": "cypress\\e2e\\tests\\slidertest.cy.js",
      "file": "cypress\\e2e\\tests\\slidertest.cy.js",
      "beforeHooks": [],
      "afterHooks": [],
      "tests": [],
      "suites": [
        {
          "uuid": "58128fd1-6737-4768-a381-de01f386a0a0",
          "title": "Validation for Slider",
          "fullFile": "",
          "file": "",
          "beforeHooks": [],
          "afterHooks": [],
          "tests": [
            {
              "title": "test case for validation of Slider",
              "fullTitle": "Validation for Slider test case for validation of Slider",
              "timedOut": null,
              "duration": 15023,
              "state": "passed",
              "speed": "slow",
              "pass": true,
              "fail": false,
              "pending": false,
              "context": null,
              "code": "launchinpage13.launchDemosite();\nlaunchinpage13.openWebForms(SliderValidation.LHSWidget);\naE13.openSection(SliderValidation.SectionSlider);\nsl.selectValue();",
              "err": {},
              "uuid": "df2c9eae-2b2a-4fec-8d54-f19f4fb8017d",
              "parentUUID": "58128fd1-6737-4768-a381-de01f386a0a0",
              "isHook": false,
              "skipped": false
            }
          ],
          "suites": [],
          "passes": [
            "df2c9eae-2b2a-4fec-8d54-f19f4fb8017d"
          ],
          "failures": [],
          "pending": [],
          "skipped": [],
          "duration": 15023,
          "root": false,
          "rootEmpty": false,
          "_timeout": 2000
        }
      ],
      "passes": [],
      "failures": [],
      "pending": [],
      "skipped": [],
      "duration": 0,
      "root": true,
      "rootEmpty": true,
      "_timeout": 2000
    }
  ],
  "meta": {
    "mocha": {
      "version": "7.0.1"
    },
    "mochawesome": {
      "options": {
        "quiet": false,
        "reportFilename": "mochawesome",
        "saveHtml": true,
        "saveJson": true,
        "consoleReporter": "spec",
        "useInlineDiffs": false,
        "code": true
      },
      "version": "7.1.3"
    },
    "marge": {
      "options": {
        "reportDir": "cypress/reports",
        "overwrite": false,
        "html": true,
        "json": true,
        "charts": true
      },
      "version": "6.2.0"
    }
  }
}