{
  "stats": {
    "suites": 1,
    "tests": 10,
    "passes": 10,
    "pending": 0,
    "failures": 0,
    "start": "2024-12-31T10:16:57.281Z",
    "end": "2024-12-31T10:19:33.398Z",
    "duration": 156117,
    "testsRegistered": 10,
    "passPercent": 100,
    "pendingPercent": 0,
    "other": 0,
    "hasOther": false,
    "skipped": 0,
    "hasSkipped": false
  },
  "results": [
    {
      "uuid": "8048774c-80bc-43da-b352-61989eeae241",
      "title": "",
      "fullFile": "cypress\\e2e\\tests\\linkstest.cy.js",
      "file": "cypress\\e2e\\tests\\linkstest.cy.js",
      "beforeHooks": [],
      "afterHooks": [],
      "tests": [],
      "suites": [
        {
          "uuid": "c6d63913-f415-4f4c-a8b2-fc32bd8ed00a",
          "title": "Validation of links",
          "fullFile": "",
          "file": "",
          "beforeHooks": [],
          "afterHooks": [],
          "tests": [
            {
              "title": "Home Link Validation",
              "fullTitle": "Validation of links Home Link Validation",
              "timedOut": null,
              "duration": 19658,
              "state": "passed",
              "speed": "slow",
              "pass": true,
              "fail": false,
              "pending": false,
              "context": null,
              "code": "AL.clickonHomelink();",
              "err": {},
              "uuid": "a640e8d3-50f8-4b72-9d98-b81f15a181df",
              "parentUUID": "c6d63913-f415-4f4c-a8b2-fc32bd8ed00a",
              "isHook": false,
              "skipped": false
            },
            {
              "title": "Home Link1 Validation",
              "fullTitle": "Validation of links Home Link1 Validation",
              "timedOut": null,
              "duration": 18565,
              "state": "passed",
              "speed": "slow",
              "pass": true,
              "fail": false,
              "pending": false,
              "context": null,
              "code": "AL.clickonHomelink1();",
              "err": {},
              "uuid": "3c112911-5e20-4ed9-a771-cdedae21d186",
              "parentUUID": "c6d63913-f415-4f4c-a8b2-fc32bd8ed00a",
              "isHook": false,
              "skipped": false
            },
            {
              "title": "Created Link Validation",
              "fullTitle": "Validation of links Created Link Validation",
              "timedOut": null,
              "duration": 14295,
              "state": "passed",
              "speed": "slow",
              "pass": true,
              "fail": false,
              "pending": false,
              "context": null,
              "code": "AL.clickonCreatedLink(linksTextData.CreatedLinkText);",
              "err": {},
              "uuid": "35fe31e1-6a58-4809-95f6-4d1903f567ef",
              "parentUUID": "c6d63913-f415-4f4c-a8b2-fc32bd8ed00a",
              "isHook": false,
              "skipped": false
            },
            {
              "title": "No Content Link Validation",
              "fullTitle": "Validation of links No Content Link Validation",
              "timedOut": null,
              "duration": 14714,
              "state": "passed",
              "speed": "slow",
              "pass": true,
              "fail": false,
              "pending": false,
              "context": null,
              "code": "AL.clickonnoContentLink(linksTextData.NoConnectLinkText);",
              "err": {},
              "uuid": "07f1bfa2-dfc2-4e8f-a919-fe663f6a0c8e",
              "parentUUID": "c6d63913-f415-4f4c-a8b2-fc32bd8ed00a",
              "isHook": false,
              "skipped": false
            },
            {
              "title": "Moved Link Validation",
              "fullTitle": "Validation of links Moved Link Validation",
              "timedOut": null,
              "duration": 14690,
              "state": "passed",
              "speed": "slow",
              "pass": true,
              "fail": false,
              "pending": false,
              "context": null,
              "code": "AL.clickonMovedLink(linksTextData.MoveLinkText);",
              "err": {},
              "uuid": "29c403f6-d23d-42d3-91e0-cec61cbebc35",
              "parentUUID": "c6d63913-f415-4f4c-a8b2-fc32bd8ed00a",
              "isHook": false,
              "skipped": false
            },
            {
              "title": "Bad Request Link Validation",
              "fullTitle": "Validation of links Bad Request Link Validation",
              "timedOut": null,
              "duration": 13786,
              "state": "passed",
              "speed": "slow",
              "pass": true,
              "fail": false,
              "pending": false,
              "context": null,
              "code": "AL.clickonBadrequestLink(linksTextData.BadRequestLinkText);",
              "err": {},
              "uuid": "6f805b55-a257-4884-a41d-c1cccf86888c",
              "parentUUID": "c6d63913-f415-4f4c-a8b2-fc32bd8ed00a",
              "isHook": false,
              "skipped": false
            },
            {
              "title": "Unauthorized Link Validation",
              "fullTitle": "Validation of links Unauthorized Link Validation",
              "timedOut": null,
              "duration": 14219,
              "state": "passed",
              "speed": "slow",
              "pass": true,
              "fail": false,
              "pending": false,
              "context": null,
              "code": "AL.clickonUnauthorizedLink(linksTextData.UnAuthorizedLinkText);",
              "err": {},
              "uuid": "fb2795b5-4e09-4f73-a68f-e6cef765fd16",
              "parentUUID": "c6d63913-f415-4f4c-a8b2-fc32bd8ed00a",
              "isHook": false,
              "skipped": false
            },
            {
              "title": "Forbidden Link Validation",
              "fullTitle": "Validation of links Forbidden Link Validation",
              "timedOut": null,
              "duration": 14402,
              "state": "passed",
              "speed": "slow",
              "pass": true,
              "fail": false,
              "pending": false,
              "context": null,
              "code": "AL.clickonForbiddenLink(linksTextData.ForbiddenLinkText);",
              "err": {},
              "uuid": "6585917c-ee18-47c5-9653-afd735fe9e60",
              "parentUUID": "c6d63913-f415-4f4c-a8b2-fc32bd8ed00a",
              "isHook": false,
              "skipped": false
            },
            {
              "title": "Not Found Link Validation",
              "fullTitle": "Validation of links Not Found Link Validation",
              "timedOut": null,
              "duration": 14494,
              "state": "passed",
              "speed": "slow",
              "pass": true,
              "fail": false,
              "pending": false,
              "context": null,
              "code": "AL.clickonInvalidurlLink(linksTextData.InvalidLinkText);",
              "err": {},
              "uuid": "ca13d4dd-931d-4597-8ead-63dff16c9bb2",
              "parentUUID": "c6d63913-f415-4f4c-a8b2-fc32bd8ed00a",
              "isHook": false,
              "skipped": false
            },
            {
              "title": "Total Link Validation",
              "fullTitle": "Validation of links Total Link Validation",
              "timedOut": null,
              "duration": 13535,
              "state": "passed",
              "speed": "slow",
              "pass": true,
              "fail": false,
              "pending": false,
              "context": null,
              "code": "AL.totalLinnks();",
              "err": {},
              "uuid": "4c4cde2b-cf1e-4618-b1b7-f6bc8616bfbc",
              "parentUUID": "c6d63913-f415-4f4c-a8b2-fc32bd8ed00a",
              "isHook": false,
              "skipped": false
            }
          ],
          "suites": [],
          "passes": [
            "a640e8d3-50f8-4b72-9d98-b81f15a181df",
            "3c112911-5e20-4ed9-a771-cdedae21d186",
            "35fe31e1-6a58-4809-95f6-4d1903f567ef",
            "07f1bfa2-dfc2-4e8f-a919-fe663f6a0c8e",
            "29c403f6-d23d-42d3-91e0-cec61cbebc35",
            "6f805b55-a257-4884-a41d-c1cccf86888c",
            "fb2795b5-4e09-4f73-a68f-e6cef765fd16",
            "6585917c-ee18-47c5-9653-afd735fe9e60",
            "ca13d4dd-931d-4597-8ead-63dff16c9bb2",
            "4c4cde2b-cf1e-4618-b1b7-f6bc8616bfbc"
          ],
          "failures": [],
          "pending": [],
          "skipped": [],
          "duration": 152358,
          "root": false,
          "rootEmpty": false,
          "_timeout": 2000
        }
      ],
      "passes": [],
      "failures": [],
      "pending": [],
      "skipped": [],
      "duration": 0,
      "root": true,
      "rootEmpty": true,
      "_timeout": 2000
    }
  ],
  "meta": {
    "mocha": {
      "version": "7.0.1"
    },
    "mochawesome": {
      "options": {
        "quiet": false,
        "reportFilename": "mochawesome",
        "saveHtml": true,
        "saveJson": true,
        "consoleReporter": "spec",
        "useInlineDiffs": false,
        "code": true
      },
      "version": "7.1.3"
    },
    "marge": {
      "options": {
        "reportDir": "cypress/reports",
        "overwrite": false,
        "html": true,
        "json": true,
        "charts": true
      },
      "version": "6.2.0"
    }
  }
}