{
  "stats": {
    "suites": 1,
    "tests": 1,
    "passes": 1,
    "pending": 0,
    "failures": 0,
    "start": "2024-12-31T10:15:57.215Z",
    "end": "2024-12-31T10:16:15.179Z",
    "duration": 17964,
    "testsRegistered": 1,
    "passPercent": 100,
    "pendingPercent": 0,
    "other": 0,
    "hasOther": false,
    "skipped": 0,
    "hasSkipped": false
  },
  "results": [
    {
      "uuid": "05852c05-df71-4d25-8cf9-d60a4bc4fda4",
      "title": "",
      "fullFile": "cypress\\e2e\\tests\\datePickerTest.cy.js",
      "file": "cypress\\e2e\\tests\\datePickerTest.cy.js",
      "beforeHooks": [],
      "afterHooks": [],
      "tests": [],
      "suites": [
        {
          "uuid": "13b12741-08c2-4042-a7fc-f62974fd86aa",
          "title": "Validation for date picker",
          "fullFile": "",
          "file": "",
          "beforeHooks": [],
          "afterHooks": [],
          "tests": [
            {
              "title": "test case for validation of date picket",
              "fullTitle": "Validation for date picker test case for validation of date picket",
              "timedOut": null,
              "duration": 15108,
              "state": "passed",
              "speed": "slow",
              "pass": true,
              "fail": false,
              "pending": false,
              "context": null,
              "code": "launchinpage12.launchDemosite();\nlaunchinpage12.openWebForms(Widgetdata.LHSWidget);\naE12.openSection(Widgetdata.SectionDatePicker);\ndp.enterDate();",
              "err": {},
              "uuid": "bd87b6d8-b56d-4186-ba3e-5eb60a694d55",
              "parentUUID": "13b12741-08c2-4042-a7fc-f62974fd86aa",
              "isHook": false,
              "skipped": false
            }
          ],
          "suites": [],
          "passes": [
            "bd87b6d8-b56d-4186-ba3e-5eb60a694d55"
          ],
          "failures": [],
          "pending": [],
          "skipped": [],
          "duration": 15108,
          "root": false,
          "rootEmpty": false,
          "_timeout": 2000
        }
      ],
      "passes": [],
      "failures": [],
      "pending": [],
      "skipped": [],
      "duration": 0,
      "root": true,
      "rootEmpty": true,
      "_timeout": 2000
    }
  ],
  "meta": {
    "mocha": {
      "version": "7.0.1"
    },
    "mochawesome": {
      "options": {
        "quiet": false,
        "reportFilename": "mochawesome",
        "saveHtml": true,
        "saveJson": true,
        "consoleReporter": "spec",
        "useInlineDiffs": false,
        "code": true
      },
      "version": "7.1.3"
    },
    "marge": {
      "options": {
        "reportDir": "cypress/reports",
        "overwrite": false,
        "html": true,
        "json": true,
        "charts": true
      },
      "version": "6.2.0"
    }
  }
}