{
  "stats": {
    "suites": 1,
    "tests": 1,
    "passes": 1,
    "pending": 0,
    "failures": 0,
    "start": "2024-12-31T10:22:42.620Z",
    "end": "2024-12-31T10:23:04.476Z",
    "duration": 21856,
    "testsRegistered": 1,
    "passPercent": 100,
    "pendingPercent": 0,
    "other": 0,
    "hasOther": false,
    "skipped": 0,
    "hasSkipped": false
  },
  "results": [
    {
      "uuid": "77a10537-830f-48ef-bb42-3d879763f5e3",
      "title": "",
      "fullFile": "cypress\\e2e\\tests\\selectMenuTest.cy.js",
      "file": "cypress\\e2e\\tests\\selectMenuTest.cy.js",
      "beforeHooks": [],
      "afterHooks": [],
      "tests": [],
      "suites": [
        {
          "uuid": "173424f5-c16a-49da-ad0c-212f49a35b9d",
          "title": "Validation for Select Menu",
          "fullFile": "",
          "file": "",
          "beforeHooks": [],
          "afterHooks": [],
          "tests": [
            {
              "title": "test case for validation of Select Menu",
              "fullTitle": "Validation for Select Menu test case for validation of Select Menu",
              "timedOut": null,
              "duration": 18997,
              "state": "passed",
              "speed": "slow",
              "pass": true,
              "fail": false,
              "pending": false,
              "context": null,
              "code": "Cypress.on('uncaught:exception', (err, runnable) => {\n  return false;\n});\n// let textFromdiv = \"Widgets\";\nlaunchinpage19.launchDemosite();\n// launchinpage19.openWebForms(textFromdiv);\nlaunchinpage19.openWebForms(SelectMenuValidation.LHSWidget);\n// aE19.OpenSelectMenuSection();\naE19.openSection(SelectMenuValidation.SectionSelectMenu);\nsm.selectOptionfromValueDropdown(DropdownValidation.SelectValue1, DropdownValidation.SelectValue2, DropdownValidation.color, DropdownValidation.multiSelect);",
              "err": {},
              "uuid": "34c5773b-8bb2-4280-b10b-278bdf7fe728",
              "parentUUID": "173424f5-c16a-49da-ad0c-212f49a35b9d",
              "isHook": false,
              "skipped": false
            }
          ],
          "suites": [],
          "passes": [
            "34c5773b-8bb2-4280-b10b-278bdf7fe728"
          ],
          "failures": [],
          "pending": [],
          "skipped": [],
          "duration": 18997,
          "root": false,
          "rootEmpty": false,
          "_timeout": 2000
        }
      ],
      "passes": [],
      "failures": [],
      "pending": [],
      "skipped": [],
      "duration": 0,
      "root": true,
      "rootEmpty": true,
      "_timeout": 2000
    }
  ],
  "meta": {
    "mocha": {
      "version": "7.0.1"
    },
    "mochawesome": {
      "options": {
        "quiet": false,
        "reportFilename": "mochawesome",
        "saveHtml": true,
        "saveJson": true,
        "consoleReporter": "spec",
        "useInlineDiffs": false,
        "code": true
      },
      "version": "7.1.3"
    },
    "marge": {
      "options": {
        "reportDir": "cypress/reports",
        "overwrite": false,
        "html": true,
        "json": true,
        "charts": true
      },
      "version": "6.2.0"
    }
  }
}