{
  "stats": {
    "suites": 1,
    "tests": 1,
    "passes": 0,
    "pending": 0,
    "failures": 1,
    "start": "2024-12-31T18:27:05.918Z",
    "end": "2024-12-31T18:27:07.010Z",
    "duration": 1092,
    "testsRegistered": 1,
    "passPercent": 0,
    "pendingPercent": 0,
    "other": 0,
    "hasOther": false,
    "skipped": 0,
    "hasSkipped": false
  },
  "results": [
    {
      "uuid": "c100a07e-7e4e-4ba2-b8d9-13d090cb7ad8",
      "title": "",
      "fullFile": "cypress\\e2e\\tests\\uploadfileTest.cy.js",
      "file": "cypress\\e2e\\tests\\uploadfileTest.cy.js",
      "beforeHooks": [],
      "afterHooks": [],
      "tests": [],
      "suites": [
        {
          "uuid": "14c3237f-0a5d-450a-b057-df98bcc41981",
          "title": "Upload File Scenarios",
          "fullFile": "",
          "file": "",
          "beforeHooks": [],
          "afterHooks": [],
          "tests": [
            {
              "title": "Upload File Test Case",
              "fullTitle": "Upload File Scenarios Upload File Test Case",
              "timedOut": null,
              "duration": 1002,
              "state": "failed",
              "speed": null,
              "pass": false,
              "fail": true,
              "pending": false,
              "context": "{\n  \"title\": \"cypress-mochawesome-reporter-screenshots\",\n  \"value\": [\n    [\n      \"\\\\uploadfileTest.cy.js\\\\Upload File Scenarios -- Upload File Test Case (failed).png\"\n    ]\n  ]\n}",
              "code": "launchinpage6.launchDemosite();\nlaunchinpage6.openWebForms(uploadFileValidation.LHSElements);\naE6.openSection(uploadFileValidation.SectionUploadDownload);\nuploadFile.uploadfile(uploadFileValidation.filePath);\nuploadFile.validatedUploadfile();\nuploadFile.validateddownloadedfile();",
              "err": {
                "message": "CypressError: `cy.visit()` failed trying to load:\n\nhttps://demoqa.com/\n\nThe response we received from your web server was:\n\n  > 502: Bad Gateway\n\nThis was considered a failure because the status code was not `2xx`.\n\nIf you do not want status codes to cause failures pass the option: `failOnStatusCode: false`",
                "estack": "CypressError: `cy.visit()` failed trying to load:\n\nhttps://demoqa.com/\n\nThe response we received from your web server was:\n\n  > 502: Bad Gateway\n\nThis was considered a failure because the status code was not `2xx`.\n\nIf you do not want status codes to cause failures pass the option: `failOnStatusCode: false`\n    at <unknown> (http://localhost:56765/__cypress/runner/cypress_runner.js:131591:76)\n    at visitFailedByErr (http://localhost:56765/__cypress/runner/cypress_runner.js:131006:12)\n    at <unknown> (http://localhost:56765/__cypress/runner/cypress_runner.js:131574:13)\n    at tryCatcher (http://localhost:56765/__cypress/runner/cypress_runner.js:1830:23)\n    at Promise._settlePromiseFromHandler (http://localhost:56765/__cypress/runner/cypress_runner.js:1542:31)\n    at Promise._settlePromise (http://localhost:56765/__cypress/runner/cypress_runner.js:1599:18)\n    at Promise._settlePromise0 (http://localhost:56765/__cypress/runner/cypress_runner.js:1644:10)\n    at Promise._settlePromises (http://localhost:56765/__cypress/runner/cypress_runner.js:1720:18)\n    at _drainQueueStep (http://localhost:56765/__cypress/runner/cypress_runner.js:2430:12)\n    at _drainQueue (http://localhost:56765/__cypress/runner/cypress_runner.js:2423:9)\n    at Async._drainQueues (http://localhost:56765/__cypress/runner/cypress_runner.js:2439:5)\n    at Async.drainQueues (http://localhost:56765/__cypress/runner/cypress_runner.js:2309:14)\nFrom Your Spec Code:\n    at launchinPage.launchDemosite (webpack://cypresspomframework/./cypress/pages/launchingPage.js:17:11)\n    at Context.eval (webpack://cypresspomframework/./cypress/e2e/tests/uploadfileTest.cy.js:13:22)",
                "diff": null
              },
              "uuid": "9dd50eac-0617-471c-a9d6-ee3375d84c79",
              "parentUUID": "14c3237f-0a5d-450a-b057-df98bcc41981",
              "isHook": false,
              "skipped": false
            }
          ],
          "suites": [],
          "passes": [],
          "failures": [
            "9dd50eac-0617-471c-a9d6-ee3375d84c79"
          ],
          "pending": [],
          "skipped": [],
          "duration": 1002,
          "root": false,
          "rootEmpty": false,
          "_timeout": 2000
        }
      ],
      "passes": [],
      "failures": [],
      "pending": [],
      "skipped": [],
      "duration": 0,
      "root": true,
      "rootEmpty": true,
      "_timeout": 2000
    }
  ],
  "meta": {
    "mocha": {
      "version": "7.0.1"
    },
    "mochawesome": {
      "options": {
        "quiet": false,
        "reportFilename": "[status]_[datetime]-[name]-report",
        "saveHtml": true,
        "saveJson": true,
        "consoleReporter": "spec",
        "useInlineDiffs": false,
        "code": true
      },
      "version": "7.1.3"
    },
    "marge": {
      "options": {
        "reportFilename": "[status]_[datetime]-[name]-report",
        "timestamp": "longDate"
      },
      "version": "6.2.0"
    }
  }
}