{
  "stats": {
    "suites": 1,
    "tests": 1,
    "passes": 1,
    "pending": 0,
    "failures": 0,
    "start": "2024-12-31T10:51:58.233Z",
    "end": "2024-12-31T10:52:14.375Z",
    "duration": 16142,
    "testsRegistered": 1,
    "passPercent": 100,
    "pendingPercent": 0,
    "other": 0,
    "hasOther": false,
    "skipped": 0,
    "hasSkipped": false
  },
  "results": [
    {
      "uuid": "ea17e44f-cab4-407b-abdc-6e6824f51ab0",
      "title": "",
      "fullFile": "cypress\\e2e\\tests\\buttontest.cy.js",
      "file": "cypress\\e2e\\tests\\buttontest.cy.js",
      "beforeHooks": [],
      "afterHooks": [],
      "tests": [],
      "suites": [
        {
          "uuid": "a744ae16-743b-4879-bc57-e42cfcf0cce2",
          "title": "Rabio Button",
          "fullFile": "",
          "file": "",
          "beforeHooks": [],
          "afterHooks": [],
          "tests": [
            {
              "title": "Validation of Radio button",
              "fullTitle": "Rabio Button Validation of Radio button",
              "timedOut": null,
              "duration": 12903,
              "state": "passed",
              "speed": "slow",
              "pass": true,
              "fail": false,
              "pending": false,
              "context": null,
              "code": "launchinpage3.launchDemosite();\nlaunchinpage3.openWebForms(Buttondata.LHSElements);\naE3.openSection(Buttondata.LinkButton);\nbe1.singleClick(ButtonTextdata.SingleclickMessage, ButtonTextdata.SingleclickInnerText);\nbe1.doubleClick(ButtonTextdata.DoubleclickMessage);\nbe1.rightClick(ButtonTextdata.RightclickMessage);",
              "err": {},
              "uuid": "2c378978-3038-48cf-a33a-70be13bafd1f",
              "parentUUID": "a744ae16-743b-4879-bc57-e42cfcf0cce2",
              "isHook": false,
              "skipped": false
            }
          ],
          "suites": [],
          "passes": [
            "2c378978-3038-48cf-a33a-70be13bafd1f"
          ],
          "failures": [],
          "pending": [],
          "skipped": [],
          "duration": 12903,
          "root": false,
          "rootEmpty": false,
          "_timeout": 2000
        }
      ],
      "passes": [],
      "failures": [],
      "pending": [],
      "skipped": [],
      "duration": 0,
      "root": true,
      "rootEmpty": true,
      "_timeout": 2000
    }
  ],
  "meta": {
    "mocha": {
      "version": "7.0.1"
    },
    "mochawesome": {
      "options": {
        "quiet": false,
        "reportFilename": "mochawesome",
        "saveHtml": true,
        "saveJson": true,
        "consoleReporter": "spec",
        "useInlineDiffs": false,
        "code": true
      },
      "version": "7.1.3"
    },
    "marge": {
      "options": null,
      "version": "6.2.0"
    }
  }
}