{
  "stats": {
    "suites": 1,
    "tests": 1,
    "passes": 1,
    "pending": 0,
    "failures": 0,
    "start": "2024-12-31T18:18:32.470Z",
    "end": "2024-12-31T18:18:50.208Z",
    "duration": 17738,
    "testsRegistered": 1,
    "passPercent": 100,
    "pendingPercent": 0,
    "other": 0,
    "hasOther": false,
    "skipped": 0,
    "hasSkipped": false
  },
  "results": [
    {
      "uuid": "51b39850-fbfb-4a18-870a-4309853f938a",
      "title": "",
      "fullFile": "cypress\\e2e\\tests\\checkBoxtextTest.cy.js",
      "file": "cypress\\e2e\\tests\\checkBoxtextTest.cy.js",
      "beforeHooks": [],
      "afterHooks": [],
      "tests": [],
      "suites": [
        {
          "uuid": "d73bf0d7-77ed-4bda-ac8d-33d0ef0e0b83",
          "title": "this is for checkbox",
          "fullFile": "",
          "file": "",
          "beforeHooks": [],
          "afterHooks": [],
          "tests": [
            {
              "title": "this is for checkbox validation",
              "fullTitle": "this is for checkbox this is for checkbox validation",
              "timedOut": null,
              "duration": 14724,
              "state": "passed",
              "speed": "slow",
              "pass": true,
              "fail": false,
              "pending": false,
              "context": null,
              "code": "const allText = [\"You have selected :\", \"home\", \"desktop\", \"notes\", \"commands\", \"documents\", \"workspace\", \"react\", \"angular\", \"veu\", \"office\", \"public\", \"private\", \"classified\", \"general\", \"downloads\", \"wordFile\", \"excelFile\"];\nlaunchinpage2.launchDemosite();\nlaunchinpage2.openWebForms(Buttondata.LHSElements);\naE1.verifyTotalLHSelement();\naE1.openSection(Buttondata.LinkCheckBox);\nvc.checkboxClick();\nvc.validateallselectedText(allText);",
              "err": {},
              "uuid": "cd316645-7c78-4fbb-a017-3ad90815b8e0",
              "parentUUID": "d73bf0d7-77ed-4bda-ac8d-33d0ef0e0b83",
              "isHook": false,
              "skipped": false
            }
          ],
          "suites": [],
          "passes": [
            "cd316645-7c78-4fbb-a017-3ad90815b8e0"
          ],
          "failures": [],
          "pending": [],
          "skipped": [],
          "duration": 14724,
          "root": false,
          "rootEmpty": false,
          "_timeout": 2000
        }
      ],
      "passes": [],
      "failures": [],
      "pending": [],
      "skipped": [],
      "duration": 0,
      "root": true,
      "rootEmpty": true,
      "_timeout": 2000
    }
  ],
  "meta": {
    "mocha": {
      "version": "7.0.1"
    },
    "mochawesome": {
      "options": {
        "quiet": false,
        "reportFilename": "[status]_[datetime]-[name]-report",
        "saveHtml": true,
        "saveJson": true,
        "consoleReporter": "spec",
        "useInlineDiffs": false,
        "code": true
      },
      "version": "7.1.3"
    },
    "marge": {
      "options": {
        "reportFilename": "[status]_[datetime]-[name]-report",
        "timestamp": "longDate"
      },
      "version": "6.2.0"
    }
  }
}