{
  "stats": {
    "suites": 1,
    "tests": 1,
    "passes": 1,
    "pending": 0,
    "failures": 0,
    "start": "2024-12-31T18:19:35.569Z",
    "end": "2024-12-31T18:19:56.759Z",
    "duration": 21190,
    "testsRegistered": 1,
    "passPercent": 100,
    "pendingPercent": 0,
    "other": 0,
    "hasOther": false,
    "skipped": 0,
    "hasSkipped": false
  },
  "results": [
    {
      "uuid": "5cbbef45-bb48-4a84-acc2-986ad830c611",
      "title": "",
      "fullFile": "cypress\\e2e\\tests\\launchingPagetest.cy.js",
      "file": "cypress\\e2e\\tests\\launchingPagetest.cy.js",
      "beforeHooks": [],
      "afterHooks": [],
      "tests": [],
      "suites": [
        {
          "uuid": "10425f48-893f-4c1e-896a-fe8cb2cebc46",
          "title": "Validate that Page loaded",
          "fullFile": "",
          "file": "",
          "beforeHooks": [],
          "afterHooks": [],
          "tests": [
            {
              "title": "Validate Landing Page",
              "fullTitle": "Validate that Page loaded Validate Landing Page",
              "timedOut": null,
              "duration": 18667,
              "state": "passed",
              "speed": "slow",
              "pass": true,
              "fail": false,
              "pending": false,
              "context": null,
              "code": "const cardText = [\"Elements\", \"Forms\", \"Alerts, Frame & Windows\", \"Widgets\", \"Interactions\", \"Book Store Application\"];\nlaunchinpage.launchDemosite();\nlaunchinpage.iterationinall(cardText);\nlaunchinpage.openWebForms(launchingData.LHSElements);",
              "err": {},
              "uuid": "d7f9e5d9-40c9-4d7c-a06a-186219be95fd",
              "parentUUID": "10425f48-893f-4c1e-896a-fe8cb2cebc46",
              "isHook": false,
              "skipped": false
            }
          ],
          "suites": [],
          "passes": [
            "d7f9e5d9-40c9-4d7c-a06a-186219be95fd"
          ],
          "failures": [],
          "pending": [],
          "skipped": [],
          "duration": 18667,
          "root": false,
          "rootEmpty": false,
          "_timeout": 2000
        }
      ],
      "passes": [],
      "failures": [],
      "pending": [],
      "skipped": [],
      "duration": 0,
      "root": true,
      "rootEmpty": true,
      "_timeout": 2000
    }
  ],
  "meta": {
    "mocha": {
      "version": "7.0.1"
    },
    "mochawesome": {
      "options": {
        "quiet": false,
        "reportFilename": "[status]_[datetime]-[name]-report",
        "saveHtml": true,
        "saveJson": true,
        "consoleReporter": "spec",
        "useInlineDiffs": false,
        "code": true
      },
      "version": "7.1.3"
    },
    "marge": {
      "options": {
        "reportFilename": "[status]_[datetime]-[name]-report",
        "timestamp": "longDate"
      },
      "version": "6.2.0"
    }
  }
}