{
  "stats": {
    "suites": 1,
    "tests": 1,
    "passes": 1,
    "pending": 0,
    "failures": 0,
    "start": "2024-12-31T18:26:04.975Z",
    "end": "2024-12-31T18:26:22.442Z",
    "duration": 17467,
    "testsRegistered": 1,
    "passPercent": 100,
    "pendingPercent": 0,
    "other": 0,
    "hasOther": false,
    "skipped": 0,
    "hasSkipped": false
  },
  "results": [
    {
      "uuid": "33e0b5a6-1b16-4eb5-9b03-c8661ebe4f56",
      "title": "",
      "fullFile": "cypress\\e2e\\tests\\slidertest.cy.js",
      "file": "cypress\\e2e\\tests\\slidertest.cy.js",
      "beforeHooks": [],
      "afterHooks": [],
      "tests": [],
      "suites": [
        {
          "uuid": "5c0ded20-5c65-4f1b-8ae7-737adc4fdf73",
          "title": "Validation for Slider",
          "fullFile": "",
          "file": "",
          "beforeHooks": [],
          "afterHooks": [],
          "tests": [
            {
              "title": "test case for validation of Slider",
              "fullTitle": "Validation for Slider test case for validation of Slider",
              "timedOut": null,
              "duration": 14596,
              "state": "passed",
              "speed": "slow",
              "pass": true,
              "fail": false,
              "pending": false,
              "context": null,
              "code": "launchinpage13.launchDemosite();\nlaunchinpage13.openWebForms(SliderValidation.LHSWidget);\naE13.openSection(SliderValidation.SectionSlider);\nsl.selectValue();",
              "err": {},
              "uuid": "1fbfd40f-2c7a-4c00-8ebb-5282c33f2e26",
              "parentUUID": "5c0ded20-5c65-4f1b-8ae7-737adc4fdf73",
              "isHook": false,
              "skipped": false
            }
          ],
          "suites": [],
          "passes": [
            "1fbfd40f-2c7a-4c00-8ebb-5282c33f2e26"
          ],
          "failures": [],
          "pending": [],
          "skipped": [],
          "duration": 14596,
          "root": false,
          "rootEmpty": false,
          "_timeout": 2000
        }
      ],
      "passes": [],
      "failures": [],
      "pending": [],
      "skipped": [],
      "duration": 0,
      "root": true,
      "rootEmpty": true,
      "_timeout": 2000
    }
  ],
  "meta": {
    "mocha": {
      "version": "7.0.1"
    },
    "mochawesome": {
      "options": {
        "quiet": false,
        "reportFilename": "[status]_[datetime]-[name]-report",
        "saveHtml": true,
        "saveJson": true,
        "consoleReporter": "spec",
        "useInlineDiffs": false,
        "code": true
      },
      "version": "7.1.3"
    },
    "marge": {
      "options": {
        "reportFilename": "[status]_[datetime]-[name]-report",
        "timestamp": "longDate"
      },
      "version": "6.2.0"
    }
  }
}