{
  "stats": {
    "suites": 1,
    "tests": 1,
    "passes": 1,
    "pending": 0,
    "failures": 0,
    "start": "2024-12-31T11:14:17.313Z",
    "end": "2024-12-31T11:14:34.762Z",
    "duration": 17449,
    "testsRegistered": 1,
    "passPercent": 100,
    "pendingPercent": 0,
    "other": 0,
    "hasOther": false,
    "skipped": 0,
    "hasSkipped": false
  },
  "results": [
    {
      "uuid": "ed921750-6c2d-45a2-8fb3-b63a238253ca",
      "title": "",
      "fullFile": "cypress\\e2e\\tests\\tabtest.cy.js",
      "file": "cypress\\e2e\\tests\\tabtest.cy.js",
      "beforeHooks": [],
      "afterHooks": [],
      "tests": [],
      "suites": [
        {
          "uuid": "a899092f-84e7-4fcb-b827-22b4a0c6bd46",
          "title": "Validation for Tabs",
          "fullFile": "",
          "file": "",
          "beforeHooks": [],
          "afterHooks": [],
          "tests": [
            {
              "title": "test case for validation of Tabs",
              "fullTitle": "Validation for Tabs test case for validation of Tabs",
              "timedOut": null,
              "duration": 14836,
              "state": "passed",
              "speed": "slow",
              "pass": true,
              "fail": false,
              "pending": false,
              "context": null,
              "code": "Cypress.on('uncaught:exception', (err, runnable) => {\n  return false;\n});\nlaunchinpage15.launchDemosite();\nlaunchinpage15.openWebForms(tabTestValidation.LHSWidget);\naE15.openSection(tabTestValidation.SectionTabs);\ntb.openWhattab(tabTestTextValidation.WhatTab);\ntb.openOrigintab(tabTestTextValidation.OriginTab);\ntb.openUsetab(tabTestTextValidation.UseTab);",
              "err": {},
              "uuid": "a16ff7ba-6682-482e-99f7-a08815499440",
              "parentUUID": "a899092f-84e7-4fcb-b827-22b4a0c6bd46",
              "isHook": false,
              "skipped": false
            }
          ],
          "suites": [],
          "passes": [
            "a16ff7ba-6682-482e-99f7-a08815499440"
          ],
          "failures": [],
          "pending": [],
          "skipped": [],
          "duration": 14836,
          "root": false,
          "rootEmpty": false,
          "_timeout": 2000
        }
      ],
      "passes": [],
      "failures": [],
      "pending": [],
      "skipped": [],
      "duration": 0,
      "root": true,
      "rootEmpty": true,
      "_timeout": 2000
    }
  ],
  "meta": {
    "mocha": {
      "version": "7.0.1"
    },
    "mochawesome": {
      "options": {
        "quiet": false,
        "reportFilename": "[status]_[datetime]-[name]-report",
        "saveHtml": true,
        "saveJson": true,
        "consoleReporter": "spec",
        "useInlineDiffs": false,
        "code": true
      },
      "version": "7.1.3"
    },
    "marge": {
      "options": {
        "reportFilename": "[status]_[datetime]-[name]-report",
        "timestamp": "longDate"
      },
      "version": "6.2.0"
    }
  }
}