{
  "stats": {
    "suites": 1,
    "tests": 1,
    "passes": 1,
    "pending": 0,
    "failures": 0,
    "start": "2024-12-31T18:25:22.969Z",
    "end": "2024-12-31T18:25:41.223Z",
    "duration": 18254,
    "testsRegistered": 1,
    "passPercent": 100,
    "pendingPercent": 0,
    "other": 0,
    "hasOther": false,
    "skipped": 0,
    "hasSkipped": false
  },
  "results": [
    {
      "uuid": "064c8929-1066-4825-a8f3-82a21c53ec50",
      "title": "",
      "fullFile": "cypress\\e2e\\tests\\radioButtontest.cy.js",
      "file": "cypress\\e2e\\tests\\radioButtontest.cy.js",
      "beforeHooks": [],
      "afterHooks": [],
      "tests": [],
      "suites": [
        {
          "uuid": "90c4b502-6bd1-494f-adb3-8af6ac971eef",
          "title": "Validate the Radio button selection",
          "fullFile": "",
          "file": "",
          "beforeHooks": [],
          "afterHooks": [],
          "tests": [
            {
              "title": "Radio button validation selection",
              "fullTitle": "Validate the Radio button selection Radio button validation selection",
              "timedOut": null,
              "duration": 15540,
              "state": "passed",
              "speed": "slow",
              "pass": true,
              "fail": false,
              "pending": false,
              "context": null,
              "code": "launchinpage2.launchDemosite();\nlaunchinpage2.openWebForms(RadioButtonValidation.LHSElements);\naE2.openSection(RadioButtonValidation.SectionRadioButton);\nvr.selectRadiobutton(RadioButtonSelection.selection);",
              "err": {},
              "uuid": "bf333b96-250c-447e-9f25-5701cd21780f",
              "parentUUID": "90c4b502-6bd1-494f-adb3-8af6ac971eef",
              "isHook": false,
              "skipped": false
            }
          ],
          "suites": [],
          "passes": [
            "bf333b96-250c-447e-9f25-5701cd21780f"
          ],
          "failures": [],
          "pending": [],
          "skipped": [],
          "duration": 15540,
          "root": false,
          "rootEmpty": false,
          "_timeout": 2000
        }
      ],
      "passes": [],
      "failures": [],
      "pending": [],
      "skipped": [],
      "duration": 0,
      "root": true,
      "rootEmpty": true,
      "_timeout": 2000
    }
  ],
  "meta": {
    "mocha": {
      "version": "7.0.1"
    },
    "mochawesome": {
      "options": {
        "quiet": false,
        "reportFilename": "[status]_[datetime]-[name]-report",
        "saveHtml": true,
        "saveJson": true,
        "consoleReporter": "spec",
        "useInlineDiffs": false,
        "code": true
      },
      "version": "7.1.3"
    },
    "marge": {
      "options": {
        "reportFilename": "[status]_[datetime]-[name]-report",
        "timestamp": "longDate"
      },
      "version": "6.2.0"
    }
  }
}