{
  "stats": {
    "suites": 1,
    "tests": 1,
    "passes": 1,
    "pending": 0,
    "failures": 0,
    "start": "2024-12-31T18:26:24.819Z",
    "end": "2024-12-31T18:26:42.537Z",
    "duration": 17718,
    "testsRegistered": 1,
    "passPercent": 100,
    "pendingPercent": 0,
    "other": 0,
    "hasOther": false,
    "skipped": 0,
    "hasSkipped": false
  },
  "results": [
    {
      "uuid": "2f751e88-f273-4032-b5e5-0c907d812203",
      "title": "",
      "fullFile": "cypress\\e2e\\tests\\tabtest.cy.js",
      "file": "cypress\\e2e\\tests\\tabtest.cy.js",
      "beforeHooks": [],
      "afterHooks": [],
      "tests": [],
      "suites": [
        {
          "uuid": "2945ad15-881a-4793-8219-3babba6ad080",
          "title": "Validation for Tabs",
          "fullFile": "",
          "file": "",
          "beforeHooks": [],
          "afterHooks": [],
          "tests": [
            {
              "title": "test case for validation of Tabs",
              "fullTitle": "Validation for Tabs test case for validation of Tabs",
              "timedOut": null,
              "duration": 15102,
              "state": "passed",
              "speed": "slow",
              "pass": true,
              "fail": false,
              "pending": false,
              "context": null,
              "code": "Cypress.on('uncaught:exception', (err, runnable) => {\n  return false;\n});\nlaunchinpage15.launchDemosite();\nlaunchinpage15.openWebForms(tabTestValidation.LHSWidget);\naE15.openSection(tabTestValidation.SectionTabs);\ntb.openWhattab(tabTestTextValidation.WhatTab);\ntb.openOrigintab(tabTestTextValidation.OriginTab);\ntb.openUsetab(tabTestTextValidation.UseTab);",
              "err": {},
              "uuid": "3ec23322-5315-4cec-8692-c59c4df2be12",
              "parentUUID": "2945ad15-881a-4793-8219-3babba6ad080",
              "isHook": false,
              "skipped": false
            }
          ],
          "suites": [],
          "passes": [
            "3ec23322-5315-4cec-8692-c59c4df2be12"
          ],
          "failures": [],
          "pending": [],
          "skipped": [],
          "duration": 15102,
          "root": false,
          "rootEmpty": false,
          "_timeout": 2000
        }
      ],
      "passes": [],
      "failures": [],
      "pending": [],
      "skipped": [],
      "duration": 0,
      "root": true,
      "rootEmpty": true,
      "_timeout": 2000
    }
  ],
  "meta": {
    "mocha": {
      "version": "7.0.1"
    },
    "mochawesome": {
      "options": {
        "quiet": false,
        "reportFilename": "[status]_[datetime]-[name]-report",
        "saveHtml": true,
        "saveJson": true,
        "consoleReporter": "spec",
        "useInlineDiffs": false,
        "code": true
      },
      "version": "7.1.3"
    },
    "marge": {
      "options": {
        "reportFilename": "[status]_[datetime]-[name]-report",
        "timestamp": "longDate"
      },
      "version": "6.2.0"
    }
  }
}