{
  "stats": {
    "suites": 1,
    "tests": 1,
    "passes": 1,
    "pending": 0,
    "failures": 0,
    "start": "2024-12-31T11:13:13.562Z",
    "end": "2024-12-31T11:13:32.242Z",
    "duration": 18680,
    "testsRegistered": 1,
    "passPercent": 100,
    "pendingPercent": 0,
    "other": 0,
    "hasOther": false,
    "skipped": 0,
    "hasSkipped": false
  },
  "results": [
    {
      "uuid": "12d0e04c-6fe5-4f3c-b98f-901741ea9a2e",
      "title": "",
      "fullFile": "cypress\\e2e\\tests\\radioButtontest.cy.js",
      "file": "cypress\\e2e\\tests\\radioButtontest.cy.js",
      "beforeHooks": [],
      "afterHooks": [],
      "tests": [],
      "suites": [
        {
          "uuid": "c3cb8e2d-e143-4181-90b6-796820df49bb",
          "title": "Validate the Radio button selection",
          "fullFile": "",
          "file": "",
          "beforeHooks": [],
          "afterHooks": [],
          "tests": [
            {
              "title": "Radio button validation selection",
              "fullTitle": "Validate the Radio button selection Radio button validation selection",
              "timedOut": null,
              "duration": 15833,
              "state": "passed",
              "speed": "slow",
              "pass": true,
              "fail": false,
              "pending": false,
              "context": null,
              "code": "launchinpage2.launchDemosite();\nlaunchinpage2.openWebForms(RadioButtonValidation.LHSElements);\naE2.openSection(RadioButtonValidation.SectionRadioButton);\nvr.selectRadiobutton(RadioButtonSelection.selection);",
              "err": {},
              "uuid": "3ad8e0b2-db97-4034-ad28-ee89220f4b8e",
              "parentUUID": "c3cb8e2d-e143-4181-90b6-796820df49bb",
              "isHook": false,
              "skipped": false
            }
          ],
          "suites": [],
          "passes": [
            "3ad8e0b2-db97-4034-ad28-ee89220f4b8e"
          ],
          "failures": [],
          "pending": [],
          "skipped": [],
          "duration": 15833,
          "root": false,
          "rootEmpty": false,
          "_timeout": 2000
        }
      ],
      "passes": [],
      "failures": [],
      "pending": [],
      "skipped": [],
      "duration": 0,
      "root": true,
      "rootEmpty": true,
      "_timeout": 2000
    }
  ],
  "meta": {
    "mocha": {
      "version": "7.0.1"
    },
    "mochawesome": {
      "options": {
        "quiet": false,
        "reportFilename": "[status]_[datetime]-[name]-report",
        "saveHtml": true,
        "saveJson": true,
        "consoleReporter": "spec",
        "useInlineDiffs": false,
        "code": true
      },
      "version": "7.1.3"
    },
    "marge": {
      "options": {
        "reportFilename": "[status]_[datetime]-[name]-report",
        "timestamp": "longDate"
      },
      "version": "6.2.0"
    }
  }
}