{
  "stats": {
    "suites": 1,
    "tests": 1,
    "passes": 1,
    "pending": 0,
    "failures": 0,
    "start": "2024-12-31T18:18:11.718Z",
    "end": "2024-12-31T18:18:29.758Z",
    "duration": 18040,
    "testsRegistered": 1,
    "passPercent": 100,
    "pendingPercent": 0,
    "other": 0,
    "hasOther": false,
    "skipped": 0,
    "hasSkipped": false
  },
  "results": [
    {
      "uuid": "b67a651d-5a1a-49e0-8677-289bba4cc02d",
      "title": "",
      "fullFile": "cypress\\e2e\\tests\\buttontest.cy.js",
      "file": "cypress\\e2e\\tests\\buttontest.cy.js",
      "beforeHooks": [],
      "afterHooks": [],
      "tests": [],
      "suites": [
        {
          "uuid": "ce72ac64-d60e-4cca-9c43-2b39d91cc400",
          "title": "Rabio Button",
          "fullFile": "",
          "file": "",
          "beforeHooks": [],
          "afterHooks": [],
          "tests": [
            {
              "title": "Validation of Radio button",
              "fullTitle": "Rabio Button Validation of Radio button",
              "timedOut": null,
              "duration": 15346,
              "state": "passed",
              "speed": "slow",
              "pass": true,
              "fail": false,
              "pending": false,
              "context": null,
              "code": "launchinpage3.launchDemosite();\nlaunchinpage3.openWebForms(Buttondata.LHSElements);\naE3.openSection(Buttondata.LinkButton);\nbe1.singleClick(ButtonTextdata.SingleclickMessage, ButtonTextdata.SingleclickInnerText);\nbe1.doubleClick(ButtonTextdata.DoubleclickMessage);\nbe1.rightClick(ButtonTextdata.RightclickMessage);",
              "err": {},
              "uuid": "452e432c-7fab-4557-9aae-336029cdafc6",
              "parentUUID": "ce72ac64-d60e-4cca-9c43-2b39d91cc400",
              "isHook": false,
              "skipped": false
            }
          ],
          "suites": [],
          "passes": [
            "452e432c-7fab-4557-9aae-336029cdafc6"
          ],
          "failures": [],
          "pending": [],
          "skipped": [],
          "duration": 15346,
          "root": false,
          "rootEmpty": false,
          "_timeout": 2000
        }
      ],
      "passes": [],
      "failures": [],
      "pending": [],
      "skipped": [],
      "duration": 0,
      "root": true,
      "rootEmpty": true,
      "_timeout": 2000
    }
  ],
  "meta": {
    "mocha": {
      "version": "7.0.1"
    },
    "mochawesome": {
      "options": {
        "quiet": false,
        "reportFilename": "[status]_[datetime]-[name]-report",
        "saveHtml": true,
        "saveJson": true,
        "consoleReporter": "spec",
        "useInlineDiffs": false,
        "code": true
      },
      "version": "7.1.3"
    },
    "marge": {
      "options": {
        "reportFilename": "[status]_[datetime]-[name]-report",
        "timestamp": "longDate"
      },
      "version": "6.2.0"
    }
  }
}