{
  "stats": {
    "suites": 1,
    "tests": 1,
    "passes": 1,
    "pending": 0,
    "failures": 0,
    "start": "2024-12-31T11:06:51.506Z",
    "end": "2024-12-31T11:07:08.957Z",
    "duration": 17451,
    "testsRegistered": 1,
    "passPercent": 100,
    "pendingPercent": 0,
    "other": 0,
    "hasOther": false,
    "skipped": 0,
    "hasSkipped": false
  },
  "results": [
    {
      "uuid": "831356ac-e7cd-4ab9-8944-dbf5cf194602",
      "title": "",
      "fullFile": "cypress\\e2e\\tests\\launchingPagetest.cy.js",
      "file": "cypress\\e2e\\tests\\launchingPagetest.cy.js",
      "beforeHooks": [],
      "afterHooks": [],
      "tests": [],
      "suites": [
        {
          "uuid": "c7af8f0f-32f8-4efa-a445-1dccde32525f",
          "title": "Validate that Page loaded",
          "fullFile": "",
          "file": "",
          "beforeHooks": [],
          "afterHooks": [],
          "tests": [
            {
              "title": "Validate Landing Page",
              "fullTitle": "Validate that Page loaded Validate Landing Page",
              "timedOut": null,
              "duration": 14857,
              "state": "passed",
              "speed": "slow",
              "pass": true,
              "fail": false,
              "pending": false,
              "context": null,
              "code": "const cardText = [\"Elements\", \"Forms\", \"Alerts, Frame & Windows\", \"Widgets\", \"Interactions\", \"Book Store Application\"];\nlaunchinpage.launchDemosite();\nlaunchinpage.iterationinall(cardText);\nlaunchinpage.openWebForms(launchingData.LHSElements);",
              "err": {},
              "uuid": "2f3b1936-911c-401f-aa1d-3712ab754ac1",
              "parentUUID": "c7af8f0f-32f8-4efa-a445-1dccde32525f",
              "isHook": false,
              "skipped": false
            }
          ],
          "suites": [],
          "passes": [
            "2f3b1936-911c-401f-aa1d-3712ab754ac1"
          ],
          "failures": [],
          "pending": [],
          "skipped": [],
          "duration": 14857,
          "root": false,
          "rootEmpty": false,
          "_timeout": 2000
        }
      ],
      "passes": [],
      "failures": [],
      "pending": [],
      "skipped": [],
      "duration": 0,
      "root": true,
      "rootEmpty": true,
      "_timeout": 2000
    }
  ],
  "meta": {
    "mocha": {
      "version": "7.0.1"
    },
    "mochawesome": {
      "options": {
        "quiet": false,
        "reportFilename": "[status]_[datetime]-[name]-report",
        "saveHtml": true,
        "saveJson": true,
        "consoleReporter": "spec",
        "useInlineDiffs": false,
        "code": true
      },
      "version": "7.1.3"
    },
    "marge": {
      "options": {
        "reportFilename": "[status]_[datetime]-[name]-report",
        "timestamp": "longDate"
      },
      "version": "6.2.0"
    }
  }
}