{
  "stats": {
    "suites": 1,
    "tests": 1,
    "passes": 1,
    "pending": 0,
    "failures": 0,
    "start": "2024-12-31T11:13:34.958Z",
    "end": "2024-12-31T11:13:54.429Z",
    "duration": 19471,
    "testsRegistered": 1,
    "passPercent": 100,
    "pendingPercent": 0,
    "other": 0,
    "hasOther": false,
    "skipped": 0,
    "hasSkipped": false
  },
  "results": [
    {
      "uuid": "a7e8afd4-be34-49f3-ad7c-2bec32e95c6b",
      "title": "",
      "fullFile": "cypress\\e2e\\tests\\selectMenuTest.cy.js",
      "file": "cypress\\e2e\\tests\\selectMenuTest.cy.js",
      "beforeHooks": [],
      "afterHooks": [],
      "tests": [],
      "suites": [
        {
          "uuid": "38832308-fc8a-4f5c-b63b-fa6e9154f2c1",
          "title": "Validation for Select Menu",
          "fullFile": "",
          "file": "",
          "beforeHooks": [],
          "afterHooks": [],
          "tests": [
            {
              "title": "test case for validation of Select Menu",
              "fullTitle": "Validation for Select Menu test case for validation of Select Menu",
              "timedOut": null,
              "duration": 16447,
              "state": "passed",
              "speed": "slow",
              "pass": true,
              "fail": false,
              "pending": false,
              "context": null,
              "code": "Cypress.on('uncaught:exception', (err, runnable) => {\n  return false;\n});\n// let textFromdiv = \"Widgets\";\nlaunchinpage19.launchDemosite();\n// launchinpage19.openWebForms(textFromdiv);\nlaunchinpage19.openWebForms(SelectMenuValidation.LHSWidget);\n// aE19.OpenSelectMenuSection();\naE19.openSection(SelectMenuValidation.SectionSelectMenu);\nsm.selectOptionfromValueDropdown(DropdownValidation.SelectValue1, DropdownValidation.SelectValue2, DropdownValidation.color, DropdownValidation.multiSelect);",
              "err": {},
              "uuid": "ce6b7a50-1cd7-4070-9cce-7e61f550adb3",
              "parentUUID": "38832308-fc8a-4f5c-b63b-fa6e9154f2c1",
              "isHook": false,
              "skipped": false
            }
          ],
          "suites": [],
          "passes": [
            "ce6b7a50-1cd7-4070-9cce-7e61f550adb3"
          ],
          "failures": [],
          "pending": [],
          "skipped": [],
          "duration": 16447,
          "root": false,
          "rootEmpty": false,
          "_timeout": 2000
        }
      ],
      "passes": [],
      "failures": [],
      "pending": [],
      "skipped": [],
      "duration": 0,
      "root": true,
      "rootEmpty": true,
      "_timeout": 2000
    }
  ],
  "meta": {
    "mocha": {
      "version": "7.0.1"
    },
    "mochawesome": {
      "options": {
        "quiet": false,
        "reportFilename": "[status]_[datetime]-[name]-report",
        "saveHtml": true,
        "saveJson": true,
        "consoleReporter": "spec",
        "useInlineDiffs": false,
        "code": true
      },
      "version": "7.1.3"
    },
    "marge": {
      "options": {
        "reportFilename": "[status]_[datetime]-[name]-report",
        "timestamp": "longDate"
      },
      "version": "6.2.0"
    }
  }
}