{
  "stats": {
    "suites": 1,
    "tests": 1,
    "passes": 1,
    "pending": 0,
    "failures": 0,
    "start": "2024-12-31T11:13:57.176Z",
    "end": "2024-12-31T11:14:14.570Z",
    "duration": 17394,
    "testsRegistered": 1,
    "passPercent": 100,
    "pendingPercent": 0,
    "other": 0,
    "hasOther": false,
    "skipped": 0,
    "hasSkipped": false
  },
  "results": [
    {
      "uuid": "05033011-6467-489b-8e11-dce16537946b",
      "title": "",
      "fullFile": "cypress\\e2e\\tests\\slidertest.cy.js",
      "file": "cypress\\e2e\\tests\\slidertest.cy.js",
      "beforeHooks": [],
      "afterHooks": [],
      "tests": [],
      "suites": [
        {
          "uuid": "e6ec1f1a-dd13-4b8c-91e0-a9433ea58c63",
          "title": "Validation for Slider",
          "fullFile": "",
          "file": "",
          "beforeHooks": [],
          "afterHooks": [],
          "tests": [
            {
              "title": "test case for validation of Slider",
              "fullTitle": "Validation for Slider test case for validation of Slider",
              "timedOut": null,
              "duration": 14669,
              "state": "passed",
              "speed": "slow",
              "pass": true,
              "fail": false,
              "pending": false,
              "context": null,
              "code": "launchinpage13.launchDemosite();\nlaunchinpage13.openWebForms(SliderValidation.LHSWidget);\naE13.openSection(SliderValidation.SectionSlider);\nsl.selectValue();",
              "err": {},
              "uuid": "c8e75d36-10c4-4501-a239-2d292e4a5ef4",
              "parentUUID": "e6ec1f1a-dd13-4b8c-91e0-a9433ea58c63",
              "isHook": false,
              "skipped": false
            }
          ],
          "suites": [],
          "passes": [
            "c8e75d36-10c4-4501-a239-2d292e4a5ef4"
          ],
          "failures": [],
          "pending": [],
          "skipped": [],
          "duration": 14669,
          "root": false,
          "rootEmpty": false,
          "_timeout": 2000
        }
      ],
      "passes": [],
      "failures": [],
      "pending": [],
      "skipped": [],
      "duration": 0,
      "root": true,
      "rootEmpty": true,
      "_timeout": 2000
    }
  ],
  "meta": {
    "mocha": {
      "version": "7.0.1"
    },
    "mochawesome": {
      "options": {
        "quiet": false,
        "reportFilename": "[status]_[datetime]-[name]-report",
        "saveHtml": true,
        "saveJson": true,
        "consoleReporter": "spec",
        "useInlineDiffs": false,
        "code": true
      },
      "version": "7.1.3"
    },
    "marge": {
      "options": {
        "reportFilename": "[status]_[datetime]-[name]-report",
        "timestamp": "longDate"
      },
      "version": "6.2.0"
    }
  }
}