{
  "stats": {
    "suites": 1,
    "tests": 1,
    "passes": 1,
    "pending": 0,
    "failures": 0,
    "start": "2024-12-31T18:24:10.860Z",
    "end": "2024-12-31T18:25:20.356Z",
    "duration": 69496,
    "testsRegistered": 1,
    "passPercent": 100,
    "pendingPercent": 0,
    "other": 0,
    "hasOther": false,
    "skipped": 0,
    "hasSkipped": false
  },
  "results": [
    {
      "uuid": "696f12a1-7c1a-4949-9a07-0046a8ef90f4",
      "title": "",
      "fullFile": "cypress\\e2e\\tests\\progressBarTest.cy.js",
      "file": "cypress\\e2e\\tests\\progressBarTest.cy.js",
      "beforeHooks": [],
      "afterHooks": [],
      "tests": [],
      "suites": [
        {
          "uuid": "2218e4e4-2c02-4ec7-8a9c-70fc1e95dd37",
          "title": "Validation for Progress Bar",
          "fullFile": "",
          "file": "",
          "beforeHooks": [],
          "afterHooks": [],
          "tests": [
            {
              "title": "test case for validation of Progress Bar",
              "fullTitle": "Validation for Progress Bar test case for validation of Progress Bar",
              "timedOut": null,
              "duration": 66415,
              "state": "passed",
              "speed": "slow",
              "pass": true,
              "fail": false,
              "pending": false,
              "context": null,
              "code": "Cypress.on('uncaught:exception', (err, runnable) => {\n  return false;\n});\nlaunchinpage14.launchDemosite();\nlaunchinpage14.openWebForms(ProgressBarValidation.LHSWidget);\naE13.openSection(ProgressBarValidation.SectionProgressBar);\npb.measureProgressbar();\npb.checkResetButton();",
              "err": {},
              "uuid": "893fa93b-6280-4939-a8b6-cdc6cbe5cabe",
              "parentUUID": "2218e4e4-2c02-4ec7-8a9c-70fc1e95dd37",
              "isHook": false,
              "skipped": false
            }
          ],
          "suites": [],
          "passes": [
            "893fa93b-6280-4939-a8b6-cdc6cbe5cabe"
          ],
          "failures": [],
          "pending": [],
          "skipped": [],
          "duration": 66415,
          "root": false,
          "rootEmpty": false,
          "_timeout": 2000
        }
      ],
      "passes": [],
      "failures": [],
      "pending": [],
      "skipped": [],
      "duration": 0,
      "root": true,
      "rootEmpty": true,
      "_timeout": 2000
    }
  ],
  "meta": {
    "mocha": {
      "version": "7.0.1"
    },
    "mochawesome": {
      "options": {
        "quiet": false,
        "reportFilename": "[status]_[datetime]-[name]-report",
        "saveHtml": true,
        "saveJson": true,
        "consoleReporter": "spec",
        "useInlineDiffs": false,
        "code": true
      },
      "version": "7.1.3"
    },
    "marge": {
      "options": {
        "reportFilename": "[status]_[datetime]-[name]-report",
        "timestamp": "longDate"
      },
      "version": "6.2.0"
    }
  }
}