{
  "stats": {
    "suites": 1,
    "tests": 1,
    "passes": 1,
    "pending": 0,
    "failures": 0,
    "start": "2024-12-31T18:23:26.040Z",
    "end": "2024-12-31T18:23:44.748Z",
    "duration": 18708,
    "testsRegistered": 1,
    "passPercent": 100,
    "pendingPercent": 0,
    "other": 0,
    "hasOther": false,
    "skipped": 0,
    "hasSkipped": false
  },
  "results": [
    {
      "uuid": "1c9640df-8abb-49cd-9c49-7406912f4c1c",
      "title": "",
      "fullFile": "cypress\\e2e\\tests\\nestedFrameTest.cy.js",
      "file": "cypress\\e2e\\tests\\nestedFrameTest.cy.js",
      "beforeHooks": [],
      "afterHooks": [],
      "tests": [],
      "suites": [
        {
          "uuid": "a7715049-8b4f-48a2-a86a-559a2f30c33c",
          "title": "this is for the Nested Frame",
          "fullFile": "",
          "file": "",
          "beforeHooks": [],
          "afterHooks": [],
          "tests": [
            {
              "title": "this test case is for Nested frame validation",
              "fullTitle": "this is for the Nested Frame this test case is for Nested frame validation",
              "timedOut": null,
              "duration": 15555,
              "state": "passed",
              "speed": "slow",
              "pass": true,
              "fail": false,
              "pending": false,
              "context": null,
              "code": "launchinpage10.launchDemosite();\nlaunchinpage10.openWebForms(FrameValidation1.LHSAlert);\naE10.openSection(FrameValidation1.SectionNestedFrame);\nnfr.nestedFrames();",
              "err": {},
              "uuid": "44ee0193-0348-44d7-bd8d-6985be119cde",
              "parentUUID": "a7715049-8b4f-48a2-a86a-559a2f30c33c",
              "isHook": false,
              "skipped": false
            }
          ],
          "suites": [],
          "passes": [
            "44ee0193-0348-44d7-bd8d-6985be119cde"
          ],
          "failures": [],
          "pending": [],
          "skipped": [],
          "duration": 15555,
          "root": false,
          "rootEmpty": false,
          "_timeout": 2000
        }
      ],
      "passes": [],
      "failures": [],
      "pending": [],
      "skipped": [],
      "duration": 0,
      "root": true,
      "rootEmpty": true,
      "_timeout": 2000
    }
  ],
  "meta": {
    "mocha": {
      "version": "7.0.1"
    },
    "mochawesome": {
      "options": {
        "quiet": false,
        "reportFilename": "[status]_[datetime]-[name]-report",
        "saveHtml": true,
        "saveJson": true,
        "consoleReporter": "spec",
        "useInlineDiffs": false,
        "code": true
      },
      "version": "7.1.3"
    },
    "marge": {
      "options": {
        "reportFilename": "[status]_[datetime]-[name]-report",
        "timestamp": "longDate"
      },
      "version": "6.2.0"
    }
  }
}