{
  "stats": {
    "suites": 1,
    "tests": 1,
    "passes": 1,
    "pending": 0,
    "failures": 0,
    "start": "2024-12-31T18:17:06.802Z",
    "end": "2024-12-31T18:17:24.662Z",
    "duration": 17860,
    "testsRegistered": 1,
    "passPercent": 100,
    "pendingPercent": 0,
    "other": 0,
    "hasOther": false,
    "skipped": 0,
    "hasSkipped": false
  },
  "results": [
    {
      "uuid": "1fb919d6-994d-4093-94a6-fbb27ba4a3ae",
      "title": "",
      "fullFile": "cypress\\e2e\\tests\\bookStoreLoginTest.cy.js",
      "file": "cypress\\e2e\\tests\\bookStoreLoginTest.cy.js",
      "beforeHooks": [],
      "afterHooks": [],
      "tests": [],
      "suites": [
        {
          "uuid": "c0261a8a-8d1a-40b8-af09-d439644cae91",
          "title": "Book Store Login",
          "fullFile": "",
          "file": "",
          "beforeHooks": [],
          "afterHooks": [],
          "tests": [
            {
              "title": "test case for Book Store Login",
              "fullTitle": "Book Store Login test case for Book Store Login",
              "timedOut": null,
              "duration": 15028,
              "state": "passed",
              "speed": "slow",
              "pass": true,
              "fail": false,
              "pending": false,
              "context": null,
              "code": "Cypress.on('uncaught:exception', (err, runnable) => {\n  // handle the error\n  console.error(err);\n});\nlaunchinpage8.launchDemosite();\nlaunchinpage8.openWebForms(bookStoreLoginValidation.LHSBook);\naE8.openSection(bookStoreLoginValidation.BookStoreLogin);\nbsl.enterUsername(bookStoreLoginValidation.userName);\nbsl.enterPassword(bookStoreLoginValidation.passWord);\n// bsl.clickonLoginbutton();",
              "err": {},
              "uuid": "8c02a099-0aff-4073-800b-d2fbe8c02b9e",
              "parentUUID": "c0261a8a-8d1a-40b8-af09-d439644cae91",
              "isHook": false,
              "skipped": false
            }
          ],
          "suites": [],
          "passes": [
            "8c02a099-0aff-4073-800b-d2fbe8c02b9e"
          ],
          "failures": [],
          "pending": [],
          "skipped": [],
          "duration": 15028,
          "root": false,
          "rootEmpty": false,
          "_timeout": 2000
        }
      ],
      "passes": [],
      "failures": [],
      "pending": [],
      "skipped": [],
      "duration": 0,
      "root": true,
      "rootEmpty": true,
      "_timeout": 2000
    }
  ],
  "meta": {
    "mocha": {
      "version": "7.0.1"
    },
    "mochawesome": {
      "options": {
        "quiet": false,
        "reportFilename": "[status]_[datetime]-[name]-report",
        "saveHtml": true,
        "saveJson": true,
        "consoleReporter": "spec",
        "useInlineDiffs": false,
        "code": true
      },
      "version": "7.1.3"
    },
    "marge": {
      "options": {
        "reportFilename": "[status]_[datetime]-[name]-report",
        "timestamp": "longDate"
      },
      "version": "6.2.0"
    }
  }
}