{
  "stats": {
    "suites": 1,
    "tests": 1,
    "passes": 1,
    "pending": 0,
    "failures": 0,
    "start": "2024-12-31T18:19:15.135Z",
    "end": "2024-12-31T18:19:33.063Z",
    "duration": 17928,
    "testsRegistered": 1,
    "passPercent": 100,
    "pendingPercent": 0,
    "other": 0,
    "hasOther": false,
    "skipped": 0,
    "hasSkipped": false
  },
  "results": [
    {
      "uuid": "338612bd-9de2-4e99-be29-efda5d5cc1c3",
      "title": "",
      "fullFile": "cypress\\e2e\\tests\\frameworkValidationtextTest.cy.js",
      "file": "cypress\\e2e\\tests\\frameworkValidationtextTest.cy.js",
      "beforeHooks": [],
      "afterHooks": [],
      "tests": [],
      "suites": [
        {
          "uuid": "9f289f3a-d11a-4760-a60a-404ced6863f6",
          "title": "this is for the frame validation",
          "fullFile": "",
          "file": "",
          "beforeHooks": [],
          "afterHooks": [],
          "tests": [
            {
              "title": "this test case is for frame validation",
              "fullTitle": "this is for the frame validation this test case is for frame validation",
              "timedOut": null,
              "duration": 15156,
              "state": "passed",
              "speed": "slow",
              "pass": true,
              "fail": false,
              "pending": false,
              "context": null,
              "code": "launchinpage9.launchDemosite();\nlaunchinpage9.openWebForms(FrameValidation.LHSAlert);\naE9.openSection(FrameValidation.SectionFrame);\nfr.frametoknow();",
              "err": {},
              "uuid": "9fc17006-554f-4c00-8485-c41cab7e5b23",
              "parentUUID": "9f289f3a-d11a-4760-a60a-404ced6863f6",
              "isHook": false,
              "skipped": false
            }
          ],
          "suites": [],
          "passes": [
            "9fc17006-554f-4c00-8485-c41cab7e5b23"
          ],
          "failures": [],
          "pending": [],
          "skipped": [],
          "duration": 15156,
          "root": false,
          "rootEmpty": false,
          "_timeout": 2000
        }
      ],
      "passes": [],
      "failures": [],
      "pending": [],
      "skipped": [],
      "duration": 0,
      "root": true,
      "rootEmpty": true,
      "_timeout": 2000
    }
  ],
  "meta": {
    "mocha": {
      "version": "7.0.1"
    },
    "mochawesome": {
      "options": {
        "quiet": false,
        "reportFilename": "[status]_[datetime]-[name]-report",
        "saveHtml": true,
        "saveJson": true,
        "consoleReporter": "spec",
        "useInlineDiffs": false,
        "code": true
      },
      "version": "7.1.3"
    },
    "marge": {
      "options": {
        "reportFilename": "[status]_[datetime]-[name]-report",
        "timestamp": "longDate"
      },
      "version": "6.2.0"
    }
  }
}