{
  "stats": {
    "suites": 1,
    "tests": 1,
    "passes": 1,
    "pending": 0,
    "failures": 0,
    "start": "2024-12-31T11:03:47.775Z",
    "end": "2024-12-31T11:04:07.186Z",
    "duration": 19411,
    "testsRegistered": 1,
    "passPercent": 100,
    "pendingPercent": 0,
    "other": 0,
    "hasOther": false,
    "skipped": 0,
    "hasSkipped": false
  },
  "results": [
    {
      "uuid": "05bf87fb-7fd4-41a1-99d2-c5e1b4e8ab84",
      "title": "",
      "fullFile": "cypress\\e2e\\tests\\autoCompleteTest.cy.js",
      "file": "cypress\\e2e\\tests\\autoCompleteTest.cy.js",
      "beforeHooks": [],
      "afterHooks": [],
      "tests": [],
      "suites": [
        {
          "uuid": "a018c549-82ca-469f-b459-781bf3886fdc",
          "title": "Validation for AutoComplete",
          "fullFile": "",
          "file": "",
          "beforeHooks": [],
          "afterHooks": [],
          "tests": [
            {
              "title": "test case for validation of AutoComplete",
              "fullTitle": "Validation for AutoComplete test case for validation of AutoComplete",
              "timedOut": null,
              "duration": 16538,
              "state": "passed",
              "speed": "slow",
              "pass": true,
              "fail": false,
              "pending": false,
              "context": null,
              "code": "// let textFromdiv = \"Widgets\";\nlaunchinpage8.launchDemosite();\nlaunchinpage8.openWebForms(autoCompleteValidation.LHSWidget);\naE8.openSection(autoCompleteValidation.SectionAutoComplete);\nac.enterMulticolor();\nac.enterSinglecolor();",
              "err": {},
              "uuid": "99d2d35c-36dc-48c4-8488-bbb504a18035",
              "parentUUID": "a018c549-82ca-469f-b459-781bf3886fdc",
              "isHook": false,
              "skipped": false
            }
          ],
          "suites": [],
          "passes": [
            "99d2d35c-36dc-48c4-8488-bbb504a18035"
          ],
          "failures": [],
          "pending": [],
          "skipped": [],
          "duration": 16538,
          "root": false,
          "rootEmpty": false,
          "_timeout": 2000
        }
      ],
      "passes": [],
      "failures": [],
      "pending": [],
      "skipped": [],
      "duration": 0,
      "root": true,
      "rootEmpty": true,
      "_timeout": 2000
    }
  ],
  "meta": {
    "mocha": {
      "version": "7.0.1"
    },
    "mochawesome": {
      "options": {
        "quiet": false,
        "reportFilename": "[status]_[datetime]-[name]-report",
        "saveHtml": true,
        "saveJson": true,
        "consoleReporter": "spec",
        "useInlineDiffs": false,
        "code": true
      },
      "version": "7.1.3"
    },
    "marge": {
      "options": {
        "reportFilename": "[status]_[datetime]-[name]-report",
        "timestamp": "longDate"
      },
      "version": "6.2.0"
    }
  }
}