{
  "stats": {
    "suites": 1,
    "tests": 1,
    "passes": 1,
    "pending": 0,
    "failures": 0,
    "start": "2024-12-31T18:22:44.626Z",
    "end": "2024-12-31T18:23:02.216Z",
    "duration": 17590,
    "testsRegistered": 1,
    "passPercent": 100,
    "pendingPercent": 0,
    "other": 0,
    "hasOther": false,
    "skipped": 0,
    "hasSkipped": false
  },
  "results": [
    {
      "uuid": "85aba195-3570-497c-9536-b3dd2756aa3e",
      "title": "",
      "fullFile": "cypress\\e2e\\tests\\menuTest.cy.js",
      "file": "cypress\\e2e\\tests\\menuTest.cy.js",
      "beforeHooks": [],
      "afterHooks": [],
      "tests": [],
      "suites": [
        {
          "uuid": "43fb7e32-79ce-4b2e-8ff4-553469a349e7",
          "title": "Validation for Menu",
          "fullFile": "",
          "file": "",
          "beforeHooks": [],
          "afterHooks": [],
          "tests": [
            {
              "title": "test case for validation of Menu",
              "fullTitle": "Validation for Menu test case for validation of Menu",
              "timedOut": null,
              "duration": 14790,
              "state": "passed",
              "speed": "slow",
              "pass": true,
              "fail": false,
              "pending": false,
              "context": null,
              "code": "Cypress.on('uncaught:exception', (err, runnable) => {\n  return false;\n});\nlaunchinpage17.launchDemosite();\nlaunchinpage17.openWebForms(MenuValidation.LHSWidget);\naE17.openSection(MenuValidation.SectionMenu);\nmu.verifyMenuItems();",
              "err": {},
              "uuid": "6b84a2cb-4074-4a7f-afc4-6d2be2503b52",
              "parentUUID": "43fb7e32-79ce-4b2e-8ff4-553469a349e7",
              "isHook": false,
              "skipped": false
            }
          ],
          "suites": [],
          "passes": [
            "6b84a2cb-4074-4a7f-afc4-6d2be2503b52"
          ],
          "failures": [],
          "pending": [],
          "skipped": [],
          "duration": 14790,
          "root": false,
          "rootEmpty": false,
          "_timeout": 2000
        }
      ],
      "passes": [],
      "failures": [],
      "pending": [],
      "skipped": [],
      "duration": 0,
      "root": true,
      "rootEmpty": true,
      "_timeout": 2000
    }
  ],
  "meta": {
    "mocha": {
      "version": "7.0.1"
    },
    "mochawesome": {
      "options": {
        "quiet": false,
        "reportFilename": "[status]_[datetime]-[name]-report",
        "saveHtml": true,
        "saveJson": true,
        "consoleReporter": "spec",
        "useInlineDiffs": false,
        "code": true
      },
      "version": "7.1.3"
    },
    "marge": {
      "options": {
        "reportFilename": "[status]_[datetime]-[name]-report",
        "timestamp": "longDate"
      },
      "version": "6.2.0"
    }
  }
}