{
  "stats": {
    "suites": 1,
    "tests": 1,
    "passes": 1,
    "pending": 0,
    "failures": 0,
    "start": "2024-12-31T18:17:27.370Z",
    "end": "2024-12-31T18:17:47.066Z",
    "duration": 19696,
    "testsRegistered": 1,
    "passPercent": 100,
    "pendingPercent": 0,
    "other": 0,
    "hasOther": false,
    "skipped": 0,
    "hasSkipped": false
  },
  "results": [
    {
      "uuid": "813f6ba1-0517-47a2-a853-93c905541bef",
      "title": "",
      "fullFile": "cypress\\e2e\\tests\\bookStoreRegistrationTest.cy.js",
      "file": "cypress\\e2e\\tests\\bookStoreRegistrationTest.cy.js",
      "beforeHooks": [],
      "afterHooks": [],
      "tests": [],
      "suites": [
        {
          "uuid": "fd8355a8-85a9-449c-8aad-137da3d95e9d",
          "title": "Book Store Registration",
          "fullFile": "",
          "file": "",
          "beforeHooks": [],
          "afterHooks": [],
          "tests": [
            {
              "title": "test case for Book Store Registration",
              "fullTitle": "Book Store Registration test case for Book Store Registration",
              "timedOut": null,
              "duration": 16682,
              "state": "passed",
              "speed": "slow",
              "pass": true,
              "fail": false,
              "pending": false,
              "context": null,
              "code": "Cypress.on('uncaught:exception', (err, runnable) => {\n  // handle the error\n  console.error(err);\n});\nlaunchinpage8.launchDemosite();\nlaunchinpage8.openWebForms(bookStoreRegistrationValidation.LHSBook);\naE8.openSection(bookStoreRegistrationValidation.SectionBookStore);\nbsl1.clickonLoginbutton();\nbsr.clickonNewuserbutton();\nbsr.enterFirstName(bookStoreRegistrationText.FirstName);\nbsr.enterlastName(bookStoreRegistrationText.LastName);\nbsr.enterUserName(bookStoreRegistrationValidation.userName);\nbsr.enterPassword(bookStoreRegistrationValidation.passWord);\n// bsr.clickonRecaptchabutton();\nbsr.clickonRegisterbutton();",
              "err": {},
              "uuid": "82283791-9255-44a2-8edd-612b7325e7b4",
              "parentUUID": "fd8355a8-85a9-449c-8aad-137da3d95e9d",
              "isHook": false,
              "skipped": false
            }
          ],
          "suites": [],
          "passes": [
            "82283791-9255-44a2-8edd-612b7325e7b4"
          ],
          "failures": [],
          "pending": [],
          "skipped": [],
          "duration": 16682,
          "root": false,
          "rootEmpty": false,
          "_timeout": 2000
        }
      ],
      "passes": [],
      "failures": [],
      "pending": [],
      "skipped": [],
      "duration": 0,
      "root": true,
      "rootEmpty": true,
      "_timeout": 2000
    }
  ],
  "meta": {
    "mocha": {
      "version": "7.0.1"
    },
    "mochawesome": {
      "options": {
        "quiet": false,
        "reportFilename": "[status]_[datetime]-[name]-report",
        "saveHtml": true,
        "saveJson": true,
        "consoleReporter": "spec",
        "useInlineDiffs": false,
        "code": true
      },
      "version": "7.1.3"
    },
    "marge": {
      "options": {
        "reportFilename": "[status]_[datetime]-[name]-report",
        "timestamp": "longDate"
      },
      "version": "6.2.0"
    }
  }
}