{
  "stats": {
    "suites": 1,
    "tests": 1,
    "passes": 1,
    "pending": 0,
    "failures": 0,
    "start": "2024-12-31T18:23:04.593Z",
    "end": "2024-12-31T18:23:22.980Z",
    "duration": 18387,
    "testsRegistered": 1,
    "passPercent": 100,
    "pendingPercent": 0,
    "other": 0,
    "hasOther": false,
    "skipped": 0,
    "hasSkipped": false
  },
  "results": [
    {
      "uuid": "c46c2317-1d7c-4c93-aaf8-2765919da157",
      "title": "",
      "fullFile": "cypress\\e2e\\tests\\modalTest.cy.js",
      "file": "cypress\\e2e\\tests\\modalTest.cy.js",
      "beforeHooks": [],
      "afterHooks": [],
      "tests": [],
      "suites": [
        {
          "uuid": "1451ce28-9429-49f4-9e2c-e44d5664866a",
          "title": "Validation for differnt Modal",
          "fullFile": "",
          "file": "",
          "beforeHooks": [],
          "afterHooks": [],
          "tests": [
            {
              "title": "test case for validation of different Modal",
              "fullTitle": "Validation for differnt Modal test case for validation of different Modal",
              "timedOut": null,
              "duration": 15738,
              "state": "passed",
              "speed": "slow",
              "pass": true,
              "fail": false,
              "pending": false,
              "context": null,
              "code": "launchinpage11.launchDemosite();\nlaunchinpage11.openWebForms(ModalValidation.LHSAlert);\naE11.openSection(ModalValidation.SectionModal);\nmo.validatesmallModal(ModalTextValidation.smallModal);\nmo.validatelargeModal(ModalTextValidation.LargeModal);",
              "err": {},
              "uuid": "acd2c821-6bfc-46d2-9abf-397da9f33c1b",
              "parentUUID": "1451ce28-9429-49f4-9e2c-e44d5664866a",
              "isHook": false,
              "skipped": false
            }
          ],
          "suites": [],
          "passes": [
            "acd2c821-6bfc-46d2-9abf-397da9f33c1b"
          ],
          "failures": [],
          "pending": [],
          "skipped": [],
          "duration": 15738,
          "root": false,
          "rootEmpty": false,
          "_timeout": 2000
        }
      ],
      "passes": [],
      "failures": [],
      "pending": [],
      "skipped": [],
      "duration": 0,
      "root": true,
      "rootEmpty": true,
      "_timeout": 2000
    }
  ],
  "meta": {
    "mocha": {
      "version": "7.0.1"
    },
    "mochawesome": {
      "options": {
        "quiet": false,
        "reportFilename": "[status]_[datetime]-[name]-report",
        "saveHtml": true,
        "saveJson": true,
        "consoleReporter": "spec",
        "useInlineDiffs": false,
        "code": true
      },
      "version": "7.1.3"
    },
    "marge": {
      "options": {
        "reportFilename": "[status]_[datetime]-[name]-report",
        "timestamp": "longDate"
      },
      "version": "6.2.0"
    }
  }
}