{
  "stats": {
    "suites": 1,
    "tests": 1,
    "passes": 1,
    "pending": 0,
    "failures": 0,
    "start": "2024-12-31T11:10:49.242Z",
    "end": "2024-12-31T11:11:06.062Z",
    "duration": 16820,
    "testsRegistered": 1,
    "passPercent": 100,
    "pendingPercent": 0,
    "other": 0,
    "hasOther": false,
    "skipped": 0,
    "hasSkipped": false
  },
  "results": [
    {
      "uuid": "1560c804-0933-43a6-8989-1b13d3cd7ce4",
      "title": "",
      "fullFile": "cypress\\e2e\\tests\\nestedFrameTest.cy.js",
      "file": "cypress\\e2e\\tests\\nestedFrameTest.cy.js",
      "beforeHooks": [],
      "afterHooks": [],
      "tests": [],
      "suites": [
        {
          "uuid": "3eeb63e9-0086-40bd-b2ad-e6a62ae0d0a1",
          "title": "this is for the Nested Frame",
          "fullFile": "",
          "file": "",
          "beforeHooks": [],
          "afterHooks": [],
          "tests": [
            {
              "title": "this test case is for Nested frame validation",
              "fullTitle": "this is for the Nested Frame this test case is for Nested frame validation",
              "timedOut": null,
              "duration": 14323,
              "state": "passed",
              "speed": "slow",
              "pass": true,
              "fail": false,
              "pending": false,
              "context": null,
              "code": "launchinpage10.launchDemosite();\nlaunchinpage10.openWebForms(FrameValidation1.LHSAlert);\naE10.openSection(FrameValidation1.SectionNestedFrame);\nnfr.nestedFrames();",
              "err": {},
              "uuid": "bb05859e-bf59-439c-ac2f-1cc4bd72dc47",
              "parentUUID": "3eeb63e9-0086-40bd-b2ad-e6a62ae0d0a1",
              "isHook": false,
              "skipped": false
            }
          ],
          "suites": [],
          "passes": [
            "bb05859e-bf59-439c-ac2f-1cc4bd72dc47"
          ],
          "failures": [],
          "pending": [],
          "skipped": [],
          "duration": 14323,
          "root": false,
          "rootEmpty": false,
          "_timeout": 2000
        }
      ],
      "passes": [],
      "failures": [],
      "pending": [],
      "skipped": [],
      "duration": 0,
      "root": true,
      "rootEmpty": true,
      "_timeout": 2000
    }
  ],
  "meta": {
    "mocha": {
      "version": "7.0.1"
    },
    "mochawesome": {
      "options": {
        "quiet": false,
        "reportFilename": "[status]_[datetime]-[name]-report",
        "saveHtml": true,
        "saveJson": true,
        "consoleReporter": "spec",
        "useInlineDiffs": false,
        "code": true
      },
      "version": "7.1.3"
    },
    "marge": {
      "options": {
        "reportFilename": "[status]_[datetime]-[name]-report",
        "timestamp": "longDate"
      },
      "version": "6.2.0"
    }
  }
}