{
  "stats": {
    "suites": 1,
    "tests": 1,
    "passes": 1,
    "pending": 0,
    "failures": 0,
    "start": "2024-12-31T18:16:18.684Z",
    "end": "2024-12-31T18:16:41.982Z",
    "duration": 23298,
    "testsRegistered": 1,
    "passPercent": 100,
    "pendingPercent": 0,
    "other": 0,
    "hasOther": false,
    "skipped": 0,
    "hasSkipped": false
  },
  "results": [
    {
      "uuid": "0d25b2ca-2b93-4af2-85bb-a72632901b62",
      "title": "",
      "fullFile": "cypress\\e2e\\tests\\alertValidationTest.cy.js",
      "file": "cypress\\e2e\\tests\\alertValidationTest.cy.js",
      "beforeHooks": [],
      "afterHooks": [],
      "tests": [],
      "suites": [
        {
          "uuid": "0aecaff7-bf79-4627-8e00-36032230294a",
          "title": "Validation for differnt alerts",
          "fullFile": "",
          "file": "",
          "beforeHooks": [],
          "afterHooks": [],
          "tests": [
            {
              "title": "test case for validation of different alerts",
              "fullTitle": "Validation for differnt alerts test case for validation of different alerts",
              "timedOut": null,
              "duration": 19444,
              "state": "passed",
              "speed": "slow",
              "pass": true,
              "fail": false,
              "pending": false,
              "context": null,
              "code": "launchinpage8.launchDemosite();\nlaunchinpage8.openWebForms(data.LHSAlert);\naE8.openSection(data.SectionAlert);\nal8.alertValidationforClickMeButton(Alertdata.ClickMeFirstButtonText);\nal8.alertValidationforConfirmClickMeButton(Alertdata.ClickMeSecondButtonText, Alertdata.ClickMeSecondButtonTextOne);\nal8.alertValidationforPromptClickMeButton(Alertdata.ClickMeFourthButtonText, Alertdata.ClickMeFourthButtonTextOne);",
              "err": {},
              "uuid": "29a91f29-1f55-4f29-a211-7ab620b4beb2",
              "parentUUID": "0aecaff7-bf79-4627-8e00-36032230294a",
              "isHook": false,
              "skipped": false
            }
          ],
          "suites": [],
          "passes": [
            "29a91f29-1f55-4f29-a211-7ab620b4beb2"
          ],
          "failures": [],
          "pending": [],
          "skipped": [],
          "duration": 19444,
          "root": false,
          "rootEmpty": false,
          "_timeout": 2000
        }
      ],
      "passes": [],
      "failures": [],
      "pending": [],
      "skipped": [],
      "duration": 0,
      "root": true,
      "rootEmpty": true,
      "_timeout": 2000
    }
  ],
  "meta": {
    "mocha": {
      "version": "7.0.1"
    },
    "mochawesome": {
      "options": {
        "quiet": false,
        "reportFilename": "[status]_[datetime]-[name]-report",
        "saveHtml": true,
        "saveJson": true,
        "consoleReporter": "spec",
        "useInlineDiffs": false,
        "code": true
      },
      "version": "7.1.3"
    },
    "marge": {
      "options": {
        "reportFilename": "[status]_[datetime]-[name]-report",
        "timestamp": "longDate"
      },
      "version": "6.2.0"
    }
  }
}