{
  "stats": {
    "suites": 1,
    "tests": 10,
    "passes": 10,
    "pending": 0,
    "failures": 0,
    "start": "2024-12-31T18:20:00.639Z",
    "end": "2024-12-31T18:22:41.900Z",
    "duration": 161261,
    "testsRegistered": 10,
    "passPercent": 100,
    "pendingPercent": 0,
    "other": 0,
    "hasOther": false,
    "skipped": 0,
    "hasSkipped": false
  },
  "results": [
    {
      "uuid": "7f1f5965-2cd2-458a-ac5d-15f0311e4431",
      "title": "",
      "fullFile": "cypress\\e2e\\tests\\linkstest.cy.js",
      "file": "cypress\\e2e\\tests\\linkstest.cy.js",
      "beforeHooks": [],
      "afterHooks": [],
      "tests": [],
      "suites": [
        {
          "uuid": "016fc951-95f5-41ec-a6bd-1443cd0281e2",
          "title": "Validation of links",
          "fullFile": "",
          "file": "",
          "beforeHooks": [],
          "afterHooks": [],
          "tests": [
            {
              "title": "Home Link Validation",
              "fullTitle": "Validation of links Home Link Validation",
              "timedOut": null,
              "duration": 21215,
              "state": "passed",
              "speed": "slow",
              "pass": true,
              "fail": false,
              "pending": false,
              "context": null,
              "code": "AL.clickonHomelink();",
              "err": {},
              "uuid": "435e4034-2431-4928-b3ac-d3f937c49e78",
              "parentUUID": "016fc951-95f5-41ec-a6bd-1443cd0281e2",
              "isHook": false,
              "skipped": false
            },
            {
              "title": "Home Link1 Validation",
              "fullTitle": "Validation of links Home Link1 Validation",
              "timedOut": null,
              "duration": 16271,
              "state": "passed",
              "speed": "slow",
              "pass": true,
              "fail": false,
              "pending": false,
              "context": null,
              "code": "AL.clickonHomelink1();",
              "err": {},
              "uuid": "4e10c307-ca3d-44ab-b4ec-d6a0e58503ab",
              "parentUUID": "016fc951-95f5-41ec-a6bd-1443cd0281e2",
              "isHook": false,
              "skipped": false
            },
            {
              "title": "Created Link Validation",
              "fullTitle": "Validation of links Created Link Validation",
              "timedOut": null,
              "duration": 14447,
              "state": "passed",
              "speed": "slow",
              "pass": true,
              "fail": false,
              "pending": false,
              "context": null,
              "code": "AL.clickonCreatedLink(linksTextData.CreatedLinkText);",
              "err": {},
              "uuid": "5fe6a492-6c25-4597-9846-1e6094d75e74",
              "parentUUID": "016fc951-95f5-41ec-a6bd-1443cd0281e2",
              "isHook": false,
              "skipped": false
            },
            {
              "title": "No Content Link Validation",
              "fullTitle": "Validation of links No Content Link Validation",
              "timedOut": null,
              "duration": 15445,
              "state": "passed",
              "speed": "slow",
              "pass": true,
              "fail": false,
              "pending": false,
              "context": null,
              "code": "AL.clickonnoContentLink(linksTextData.NoConnectLinkText);",
              "err": {},
              "uuid": "9adb9e20-5bdf-443c-be7b-5e33da54abfd",
              "parentUUID": "016fc951-95f5-41ec-a6bd-1443cd0281e2",
              "isHook": false,
              "skipped": false
            },
            {
              "title": "Moved Link Validation",
              "fullTitle": "Validation of links Moved Link Validation",
              "timedOut": null,
              "duration": 13787,
              "state": "passed",
              "speed": "slow",
              "pass": true,
              "fail": false,
              "pending": false,
              "context": null,
              "code": "AL.clickonMovedLink(linksTextData.MoveLinkText);",
              "err": {},
              "uuid": "bc220cd2-3e34-4ce3-a213-53a5579bd4c7",
              "parentUUID": "016fc951-95f5-41ec-a6bd-1443cd0281e2",
              "isHook": false,
              "skipped": false
            },
            {
              "title": "Bad Request Link Validation",
              "fullTitle": "Validation of links Bad Request Link Validation",
              "timedOut": null,
              "duration": 14778,
              "state": "passed",
              "speed": "slow",
              "pass": true,
              "fail": false,
              "pending": false,
              "context": null,
              "code": "AL.clickonBadrequestLink(linksTextData.BadRequestLinkText);",
              "err": {},
              "uuid": "03c23bd8-5cef-4344-afa8-a41383b834a2",
              "parentUUID": "016fc951-95f5-41ec-a6bd-1443cd0281e2",
              "isHook": false,
              "skipped": false
            },
            {
              "title": "Unauthorized Link Validation",
              "fullTitle": "Validation of links Unauthorized Link Validation",
              "timedOut": null,
              "duration": 16857,
              "state": "passed",
              "speed": "slow",
              "pass": true,
              "fail": false,
              "pending": false,
              "context": null,
              "code": "AL.clickonUnauthorizedLink(linksTextData.UnAuthorizedLinkText);",
              "err": {},
              "uuid": "f21a5d22-f9a1-41dd-9d3b-d0d0a796a304",
              "parentUUID": "016fc951-95f5-41ec-a6bd-1443cd0281e2",
              "isHook": false,
              "skipped": false
            },
            {
              "title": "Forbidden Link Validation",
              "fullTitle": "Validation of links Forbidden Link Validation",
              "timedOut": null,
              "duration": 14976,
              "state": "passed",
              "speed": "slow",
              "pass": true,
              "fail": false,
              "pending": false,
              "context": null,
              "code": "AL.clickonForbiddenLink(linksTextData.ForbiddenLinkText);",
              "err": {},
              "uuid": "fdfa4c0b-9c13-4c90-a863-9d14aeeeebf4",
              "parentUUID": "016fc951-95f5-41ec-a6bd-1443cd0281e2",
              "isHook": false,
              "skipped": false
            },
            {
              "title": "Not Found Link Validation",
              "fullTitle": "Validation of links Not Found Link Validation",
              "timedOut": null,
              "duration": 15125,
              "state": "passed",
              "speed": "slow",
              "pass": true,
              "fail": false,
              "pending": false,
              "context": null,
              "code": "AL.clickonInvalidurlLink(linksTextData.InvalidLinkText);",
              "err": {},
              "uuid": "8827de53-fe0a-4fc5-a3cd-79c2d37842db",
              "parentUUID": "016fc951-95f5-41ec-a6bd-1443cd0281e2",
              "isHook": false,
              "skipped": false
            },
            {
              "title": "Total Link Validation",
              "fullTitle": "Validation of links Total Link Validation",
              "timedOut": null,
              "duration": 14777,
              "state": "passed",
              "speed": "slow",
              "pass": true,
              "fail": false,
              "pending": false,
              "context": null,
              "code": "AL.totalLinnks();",
              "err": {},
              "uuid": "00127994-4ec4-4407-8533-298188d29d3e",
              "parentUUID": "016fc951-95f5-41ec-a6bd-1443cd0281e2",
              "isHook": false,
              "skipped": false
            }
          ],
          "suites": [],
          "passes": [
            "435e4034-2431-4928-b3ac-d3f937c49e78",
            "4e10c307-ca3d-44ab-b4ec-d6a0e58503ab",
            "5fe6a492-6c25-4597-9846-1e6094d75e74",
            "9adb9e20-5bdf-443c-be7b-5e33da54abfd",
            "bc220cd2-3e34-4ce3-a213-53a5579bd4c7",
            "03c23bd8-5cef-4344-afa8-a41383b834a2",
            "f21a5d22-f9a1-41dd-9d3b-d0d0a796a304",
            "fdfa4c0b-9c13-4c90-a863-9d14aeeeebf4",
            "8827de53-fe0a-4fc5-a3cd-79c2d37842db",
            "00127994-4ec4-4407-8533-298188d29d3e"
          ],
          "failures": [],
          "pending": [],
          "skipped": [],
          "duration": 157678,
          "root": false,
          "rootEmpty": false,
          "_timeout": 2000
        }
      ],
      "passes": [],
      "failures": [],
      "pending": [],
      "skipped": [],
      "duration": 0,
      "root": true,
      "rootEmpty": true,
      "_timeout": 2000
    }
  ],
  "meta": {
    "mocha": {
      "version": "7.0.1"
    },
    "mochawesome": {
      "options": {
        "quiet": false,
        "reportFilename": "[status]_[datetime]-[name]-report",
        "saveHtml": true,
        "saveJson": true,
        "consoleReporter": "spec",
        "useInlineDiffs": false,
        "code": true
      },
      "version": "7.1.3"
    },
    "marge": {
      "options": {
        "reportFilename": "[status]_[datetime]-[name]-report",
        "timestamp": "longDate"
      },
      "version": "6.2.0"
    }
  }
}