{
  "stats": {
    "suites": 1,
    "tests": 10,
    "passes": 10,
    "pending": 0,
    "failures": 0,
    "start": "2024-12-31T11:07:11.598Z",
    "end": "2024-12-31T11:10:04.204Z",
    "duration": 172606,
    "testsRegistered": 10,
    "passPercent": 100,
    "pendingPercent": 0,
    "other": 0,
    "hasOther": false,
    "skipped": 0,
    "hasSkipped": false
  },
  "results": [
    {
      "uuid": "9bd09605-daa4-44dc-a561-ea243748aaf7",
      "title": "",
      "fullFile": "cypress\\e2e\\tests\\linkstest.cy.js",
      "file": "cypress\\e2e\\tests\\linkstest.cy.js",
      "beforeHooks": [],
      "afterHooks": [],
      "tests": [],
      "suites": [
        {
          "uuid": "8af30088-9208-4ce4-9f11-0eb6b217f879",
          "title": "Validation of links",
          "fullFile": "",
          "file": "",
          "beforeHooks": [],
          "afterHooks": [],
          "tests": [
            {
              "title": "Home Link Validation",
              "fullTitle": "Validation of links Home Link Validation",
              "timedOut": null,
              "duration": 21396,
              "state": "passed",
              "speed": "slow",
              "pass": true,
              "fail": false,
              "pending": false,
              "context": null,
              "code": "AL.clickonHomelink();",
              "err": {},
              "uuid": "946c17c3-0bc0-4a68-815d-f7daa021f325",
              "parentUUID": "8af30088-9208-4ce4-9f11-0eb6b217f879",
              "isHook": false,
              "skipped": false
            },
            {
              "title": "Home Link1 Validation",
              "fullTitle": "Validation of links Home Link1 Validation",
              "timedOut": null,
              "duration": 21039,
              "state": "passed",
              "speed": "slow",
              "pass": true,
              "fail": false,
              "pending": false,
              "context": null,
              "code": "AL.clickonHomelink1();",
              "err": {},
              "uuid": "c24ef314-63cd-4bbf-8ae6-c1f9b7805751",
              "parentUUID": "8af30088-9208-4ce4-9f11-0eb6b217f879",
              "isHook": false,
              "skipped": false
            },
            {
              "title": "Created Link Validation",
              "fullTitle": "Validation of links Created Link Validation",
              "timedOut": null,
              "duration": 14689,
              "state": "passed",
              "speed": "slow",
              "pass": true,
              "fail": false,
              "pending": false,
              "context": null,
              "code": "AL.clickonCreatedLink(linksTextData.CreatedLinkText);",
              "err": {},
              "uuid": "1302c907-1649-4fe6-b828-bdb0ffa7dbe0",
              "parentUUID": "8af30088-9208-4ce4-9f11-0eb6b217f879",
              "isHook": false,
              "skipped": false
            },
            {
              "title": "No Content Link Validation",
              "fullTitle": "Validation of links No Content Link Validation",
              "timedOut": null,
              "duration": 14806,
              "state": "passed",
              "speed": "slow",
              "pass": true,
              "fail": false,
              "pending": false,
              "context": null,
              "code": "AL.clickonnoContentLink(linksTextData.NoConnectLinkText);",
              "err": {},
              "uuid": "5975ae62-ad70-4f14-8682-3ba9d8074c35",
              "parentUUID": "8af30088-9208-4ce4-9f11-0eb6b217f879",
              "isHook": false,
              "skipped": false
            },
            {
              "title": "Moved Link Validation",
              "fullTitle": "Validation of links Moved Link Validation",
              "timedOut": null,
              "duration": 16237,
              "state": "passed",
              "speed": "slow",
              "pass": true,
              "fail": false,
              "pending": false,
              "context": null,
              "code": "AL.clickonMovedLink(linksTextData.MoveLinkText);",
              "err": {},
              "uuid": "7c5b7204-af5f-4f3b-a8c7-49c7016346ab",
              "parentUUID": "8af30088-9208-4ce4-9f11-0eb6b217f879",
              "isHook": false,
              "skipped": false
            },
            {
              "title": "Bad Request Link Validation",
              "fullTitle": "Validation of links Bad Request Link Validation",
              "timedOut": null,
              "duration": 18311,
              "state": "passed",
              "speed": "slow",
              "pass": true,
              "fail": false,
              "pending": false,
              "context": null,
              "code": "AL.clickonBadrequestLink(linksTextData.BadRequestLinkText);",
              "err": {},
              "uuid": "e9ac8bb3-5fbb-475f-a520-e90d65fa4e61",
              "parentUUID": "8af30088-9208-4ce4-9f11-0eb6b217f879",
              "isHook": false,
              "skipped": false
            },
            {
              "title": "Unauthorized Link Validation",
              "fullTitle": "Validation of links Unauthorized Link Validation",
              "timedOut": null,
              "duration": 19400,
              "state": "passed",
              "speed": "slow",
              "pass": true,
              "fail": false,
              "pending": false,
              "context": null,
              "code": "AL.clickonUnauthorizedLink(linksTextData.UnAuthorizedLinkText);",
              "err": {},
              "uuid": "a6014e69-1816-4ded-8e09-b8f6646db57b",
              "parentUUID": "8af30088-9208-4ce4-9f11-0eb6b217f879",
              "isHook": false,
              "skipped": false
            },
            {
              "title": "Forbidden Link Validation",
              "fullTitle": "Validation of links Forbidden Link Validation",
              "timedOut": null,
              "duration": 14173,
              "state": "passed",
              "speed": "slow",
              "pass": true,
              "fail": false,
              "pending": false,
              "context": null,
              "code": "AL.clickonForbiddenLink(linksTextData.ForbiddenLinkText);",
              "err": {},
              "uuid": "740572c6-5912-4804-adbe-a49bb4473dbf",
              "parentUUID": "8af30088-9208-4ce4-9f11-0eb6b217f879",
              "isHook": false,
              "skipped": false
            },
            {
              "title": "Not Found Link Validation",
              "fullTitle": "Validation of links Not Found Link Validation",
              "timedOut": null,
              "duration": 14686,
              "state": "passed",
              "speed": "slow",
              "pass": true,
              "fail": false,
              "pending": false,
              "context": null,
              "code": "AL.clickonInvalidurlLink(linksTextData.InvalidLinkText);",
              "err": {},
              "uuid": "71a6f0f0-4921-4eae-8968-a8b2521d1e77",
              "parentUUID": "8af30088-9208-4ce4-9f11-0eb6b217f879",
              "isHook": false,
              "skipped": false
            },
            {
              "title": "Total Link Validation",
              "fullTitle": "Validation of links Total Link Validation",
              "timedOut": null,
              "duration": 14273,
              "state": "passed",
              "speed": "slow",
              "pass": true,
              "fail": false,
              "pending": false,
              "context": null,
              "code": "AL.totalLinnks();",
              "err": {},
              "uuid": "eb7609c8-03c9-44ab-ace6-351cb419409c",
              "parentUUID": "8af30088-9208-4ce4-9f11-0eb6b217f879",
              "isHook": false,
              "skipped": false
            }
          ],
          "suites": [],
          "passes": [
            "946c17c3-0bc0-4a68-815d-f7daa021f325",
            "c24ef314-63cd-4bbf-8ae6-c1f9b7805751",
            "1302c907-1649-4fe6-b828-bdb0ffa7dbe0",
            "5975ae62-ad70-4f14-8682-3ba9d8074c35",
            "7c5b7204-af5f-4f3b-a8c7-49c7016346ab",
            "e9ac8bb3-5fbb-475f-a520-e90d65fa4e61",
            "a6014e69-1816-4ded-8e09-b8f6646db57b",
            "740572c6-5912-4804-adbe-a49bb4473dbf",
            "71a6f0f0-4921-4eae-8968-a8b2521d1e77",
            "eb7609c8-03c9-44ab-ace6-351cb419409c"
          ],
          "failures": [],
          "pending": [],
          "skipped": [],
          "duration": 169010,
          "root": false,
          "rootEmpty": false,
          "_timeout": 2000
        }
      ],
      "passes": [],
      "failures": [],
      "pending": [],
      "skipped": [],
      "duration": 0,
      "root": true,
      "rootEmpty": true,
      "_timeout": 2000
    }
  ],
  "meta": {
    "mocha": {
      "version": "7.0.1"
    },
    "mochawesome": {
      "options": {
        "quiet": false,
        "reportFilename": "[status]_[datetime]-[name]-report",
        "saveHtml": true,
        "saveJson": true,
        "consoleReporter": "spec",
        "useInlineDiffs": false,
        "code": true
      },
      "version": "7.1.3"
    },
    "marge": {
      "options": {
        "reportFilename": "[status]_[datetime]-[name]-report",
        "timestamp": "longDate"
      },
      "version": "6.2.0"
    }
  }
}