{
  "stats": {
    "suites": 1,
    "tests": 1,
    "passes": 1,
    "pending": 0,
    "failures": 0,
    "start": "2024-12-31T11:14:56.637Z",
    "end": "2024-12-31T11:15:13.647Z",
    "duration": 17010,
    "testsRegistered": 1,
    "passPercent": 100,
    "pendingPercent": 0,
    "other": 0,
    "hasOther": false,
    "skipped": 0,
    "hasSkipped": false
  },
  "results": [
    {
      "uuid": "92cf4bb2-aa5b-4cc6-a0a8-be317ca7c78a",
      "title": "",
      "fullFile": "cypress\\e2e\\tests\\uploadfileTest.cy.js",
      "file": "cypress\\e2e\\tests\\uploadfileTest.cy.js",
      "beforeHooks": [],
      "afterHooks": [],
      "tests": [],
      "suites": [
        {
          "uuid": "7f999dcc-d78f-4f06-b68b-cd19afc581df",
          "title": "Upload File Scenarios",
          "fullFile": "",
          "file": "",
          "beforeHooks": [],
          "afterHooks": [],
          "tests": [
            {
              "title": "Upload File Test Case",
              "fullTitle": "Upload File Scenarios Upload File Test Case",
              "timedOut": null,
              "duration": 14422,
              "state": "passed",
              "speed": "slow",
              "pass": true,
              "fail": false,
              "pending": false,
              "context": null,
              "code": "launchinpage6.launchDemosite();\nlaunchinpage6.openWebForms(uploadFileValidation.LHSElements);\naE6.openSection(uploadFileValidation.SectionUploadDownload);\nuploadFile.uploadfile(uploadFileValidation.filePath);\nuploadFile.validatedUploadfile();\nuploadFile.validateddownloadedfile();",
              "err": {},
              "uuid": "61179802-55a2-4b93-9c12-3f9e7e5fb6da",
              "parentUUID": "7f999dcc-d78f-4f06-b68b-cd19afc581df",
              "isHook": false,
              "skipped": false
            }
          ],
          "suites": [],
          "passes": [
            "61179802-55a2-4b93-9c12-3f9e7e5fb6da"
          ],
          "failures": [],
          "pending": [],
          "skipped": [],
          "duration": 14422,
          "root": false,
          "rootEmpty": false,
          "_timeout": 2000
        }
      ],
      "passes": [],
      "failures": [],
      "pending": [],
      "skipped": [],
      "duration": 0,
      "root": true,
      "rootEmpty": true,
      "_timeout": 2000
    }
  ],
  "meta": {
    "mocha": {
      "version": "7.0.1"
    },
    "mochawesome": {
      "options": {
        "quiet": false,
        "reportFilename": "[status]_[datetime]-[name]-report",
        "saveHtml": true,
        "saveJson": true,
        "consoleReporter": "spec",
        "useInlineDiffs": false,
        "code": true
      },
      "version": "7.1.3"
    },
    "marge": {
      "options": {
        "reportFilename": "[status]_[datetime]-[name]-report",
        "timestamp": "longDate"
      },
      "version": "6.2.0"
    }
  }
}