{
  "stats": {
    "suites": 1,
    "tests": 1,
    "passes": 1,
    "pending": 0,
    "failures": 0,
    "start": "2024-12-31T18:23:48.336Z",
    "end": "2024-12-31T18:24:08.125Z",
    "duration": 19789,
    "testsRegistered": 1,
    "passPercent": 100,
    "pendingPercent": 0,
    "other": 0,
    "hasOther": false,
    "skipped": 0,
    "hasSkipped": false
  },
  "results": [
    {
      "uuid": "4a520986-3c3f-4b50-bda9-a6ca88efbad1",
      "title": "",
      "fullFile": "cypress\\e2e\\tests\\openFormTest.cy.js",
      "file": "cypress\\e2e\\tests\\openFormTest.cy.js",
      "beforeHooks": [],
      "afterHooks": [],
      "tests": [],
      "suites": [
        {
          "uuid": "0ebea9ee-0b2d-4f0c-9e95-abac705d0243",
          "title": "Open Form and Fill the Form",
          "fullFile": "",
          "file": "",
          "beforeHooks": [],
          "afterHooks": [],
          "tests": [
            {
              "title": "Fill up the Form1",
              "fullTitle": "Open Form and Fill the Form Fill up the Form1",
              "timedOut": null,
              "duration": 15874,
              "state": "passed",
              "speed": "slow",
              "pass": true,
              "fail": false,
              "pending": false,
              "context": null,
              "code": "launchinpage7.launchDemosite();\nlaunchinpage7.openWebForms(OpenFormValidation.LHSForms);\naE7.openSection(OpenFormValidation.SectionPracticeForm);\nof1.enterFirstName(PracticeFormValidation.FirstName);\nof1.enterLastName(PracticeFormValidation.LastName);\nof1.enterEmailId(PracticeFormValidation.Email);\nof1.selectMaleRadioButton();\nof1.enterMobileNumber(PracticeFormValidation.MobileNumber);\nof1.selectHobby(PracticeFormValidation.HobbeySports);\nof1.enterCurrentAddess(PracticeFormValidation.Address);\n// of1.enterDOB(PracticeFormValidation.DOB);\nof1.enterSubject(PracticeFormValidation.Subject);\n// of1.selectState(PracticeFormValidation.State);\nof1.submitForm();\nof1.validateTable();\nof1.closeModal();",
              "err": {},
              "uuid": "ff675947-3eae-4a37-942c-13e54e8d2b6e",
              "parentUUID": "0ebea9ee-0b2d-4f0c-9e95-abac705d0243",
              "isHook": false,
              "skipped": false
            }
          ],
          "suites": [],
          "passes": [
            "ff675947-3eae-4a37-942c-13e54e8d2b6e"
          ],
          "failures": [],
          "pending": [],
          "skipped": [],
          "duration": 15874,
          "root": false,
          "rootEmpty": false,
          "_timeout": 2000
        }
      ],
      "passes": [],
      "failures": [],
      "pending": [],
      "skipped": [],
      "duration": 0,
      "root": true,
      "rootEmpty": true,
      "_timeout": 2000
    }
  ],
  "meta": {
    "mocha": {
      "version": "7.0.1"
    },
    "mochawesome": {
      "options": {
        "quiet": false,
        "reportFilename": "[status]_[datetime]-[name]-report",
        "saveHtml": true,
        "saveJson": true,
        "consoleReporter": "spec",
        "useInlineDiffs": false,
        "code": true
      },
      "version": "7.1.3"
    },
    "marge": {
      "options": {
        "reportFilename": "[status]_[datetime]-[name]-report",
        "timestamp": "longDate"
      },
      "version": "6.2.0"
    }
  }
}