{
  "stats": {
    "suites": 1,
    "tests": 1,
    "passes": 1,
    "pending": 0,
    "failures": 0,
    "start": "2024-12-31T11:06:09.953Z",
    "end": "2024-12-31T11:06:27.765Z",
    "duration": 17812,
    "testsRegistered": 1,
    "passPercent": 100,
    "pendingPercent": 0,
    "other": 0,
    "hasOther": false,
    "skipped": 0,
    "hasSkipped": false
  },
  "results": [
    {
      "uuid": "749beef8-72c4-4ddf-bfe9-872fd6288d8e",
      "title": "",
      "fullFile": "cypress\\e2e\\tests\\datePickerTest.cy.js",
      "file": "cypress\\e2e\\tests\\datePickerTest.cy.js",
      "beforeHooks": [],
      "afterHooks": [],
      "tests": [],
      "suites": [
        {
          "uuid": "9229138d-1f1c-4646-8a84-02d8368f0bf2",
          "title": "Validation for date picker",
          "fullFile": "",
          "file": "",
          "beforeHooks": [],
          "afterHooks": [],
          "tests": [
            {
              "title": "test case for validation of date picket",
              "fullTitle": "Validation for date picker test case for validation of date picket",
              "timedOut": null,
              "duration": 15026,
              "state": "passed",
              "speed": "slow",
              "pass": true,
              "fail": false,
              "pending": false,
              "context": null,
              "code": "launchinpage12.launchDemosite();\nlaunchinpage12.openWebForms(Widgetdata.LHSWidget);\naE12.openSection(Widgetdata.SectionDatePicker);\ndp.enterDate();",
              "err": {},
              "uuid": "5be133b9-691a-442f-a55c-290f271c09ba",
              "parentUUID": "9229138d-1f1c-4646-8a84-02d8368f0bf2",
              "isHook": false,
              "skipped": false
            }
          ],
          "suites": [],
          "passes": [
            "5be133b9-691a-442f-a55c-290f271c09ba"
          ],
          "failures": [],
          "pending": [],
          "skipped": [],
          "duration": 15026,
          "root": false,
          "rootEmpty": false,
          "_timeout": 2000
        }
      ],
      "passes": [],
      "failures": [],
      "pending": [],
      "skipped": [],
      "duration": 0,
      "root": true,
      "rootEmpty": true,
      "_timeout": 2000
    }
  ],
  "meta": {
    "mocha": {
      "version": "7.0.1"
    },
    "mochawesome": {
      "options": {
        "quiet": false,
        "reportFilename": "[status]_[datetime]-[name]-report",
        "saveHtml": true,
        "saveJson": true,
        "consoleReporter": "spec",
        "useInlineDiffs": false,
        "code": true
      },
      "version": "7.1.3"
    },
    "marge": {
      "options": {
        "reportFilename": "[status]_[datetime]-[name]-report",
        "timestamp": "longDate"
      },
      "version": "6.2.0"
    }
  }
}