{
  "stats": {
    "suites": 1,
    "tests": 1,
    "passes": 1,
    "pending": 0,
    "failures": 0,
    "start": "2024-12-31T11:05:02.536Z",
    "end": "2024-12-31T11:05:23.379Z",
    "duration": 20843,
    "testsRegistered": 1,
    "passPercent": 100,
    "pendingPercent": 0,
    "other": 0,
    "hasOther": false,
    "skipped": 0,
    "hasSkipped": false
  },
  "results": [
    {
      "uuid": "bd5e488f-7d95-4949-87ed-4130c5a46880",
      "title": "",
      "fullFile": "cypress\\e2e\\tests\\brokenlinskTest.cy.js",
      "file": "cypress\\e2e\\tests\\brokenlinskTest.cy.js",
      "beforeHooks": [],
      "afterHooks": [],
      "tests": [],
      "suites": [
        {
          "uuid": "c8eb422d-39fa-491a-b9f7-74b809e0a9c4",
          "title": "Find broken links on the page",
          "fullFile": "",
          "file": "",
          "beforeHooks": [],
          "afterHooks": [],
          "tests": [
            {
              "title": "verify navigation across the pages",
              "fullTitle": "Find broken links on the page verify navigation across the pages",
              "timedOut": null,
              "duration": 17299,
              "state": "passed",
              "speed": "slow",
              "pass": true,
              "fail": false,
              "pending": false,
              "context": null,
              "code": "launchinpage5.launchDemosite();\nlaunchinpage5.openWebForms(brokenLinksdata.LHSElements);\naE5.openSection(brokenLinksdata.SectionBroken);\nlet brokenLinks = 0;\nlet activeLinks = 0;\ncy.get('a').each(($link, index) => {\n  const href = $link.attr('href');\n  if (href) {\n    cy.request({\n      url: href,\n      failOnStatusCode: false\n    }).then(response => {\n      if (response.status >= 400) {\n        cy.log(`**** link  ${index + 1} is Broken Link *** ${href} `);\n        brokenLinks++;\n      } else {\n        cy.log(`**** link  ${index + 1} is Active Link *** ${href} `);\n        activeLinks++;\n      }\n    });\n  }\n}).then($links => {\n  const totalLinks = $links.length;\n  cy.log(`**** total links **** ${totalLinks}`);\n  cy.log(`**** broken links **** ${brokenLinks}`);\n  cy.log(`**** active links **** ${activeLinks}`);\n});",
              "err": {},
              "uuid": "6e55dd9b-3ef3-45d3-94ed-cffad7bf2501",
              "parentUUID": "c8eb422d-39fa-491a-b9f7-74b809e0a9c4",
              "isHook": false,
              "skipped": false
            }
          ],
          "suites": [],
          "passes": [
            "6e55dd9b-3ef3-45d3-94ed-cffad7bf2501"
          ],
          "failures": [],
          "pending": [],
          "skipped": [],
          "duration": 17299,
          "root": false,
          "rootEmpty": false,
          "_timeout": 2000
        }
      ],
      "passes": [],
      "failures": [],
      "pending": [],
      "skipped": [],
      "duration": 0,
      "root": true,
      "rootEmpty": true,
      "_timeout": 2000
    }
  ],
  "meta": {
    "mocha": {
      "version": "7.0.1"
    },
    "mochawesome": {
      "options": {
        "quiet": false,
        "reportFilename": "[status]_[datetime]-[name]-report",
        "saveHtml": true,
        "saveJson": true,
        "consoleReporter": "spec",
        "useInlineDiffs": false,
        "code": true
      },
      "version": "7.1.3"
    },
    "marge": {
      "options": {
        "reportFilename": "[status]_[datetime]-[name]-report",
        "timestamp": "longDate"
      },
      "version": "6.2.0"
    }
  }
}