{
  "stats": {
    "suites": 1,
    "tests": 1,
    "passes": 1,
    "pending": 0,
    "failures": 0,
    "start": "2024-12-31T11:06:30.890Z",
    "end": "2024-12-31T11:06:48.898Z",
    "duration": 18008,
    "testsRegistered": 1,
    "passPercent": 100,
    "pendingPercent": 0,
    "other": 0,
    "hasOther": false,
    "skipped": 0,
    "hasSkipped": false
  },
  "results": [
    {
      "uuid": "012cb585-6c14-41b8-b095-0f07fa4dc1e9",
      "title": "",
      "fullFile": "cypress\\e2e\\tests\\frameworkValidationtextTest.cy.js",
      "file": "cypress\\e2e\\tests\\frameworkValidationtextTest.cy.js",
      "beforeHooks": [],
      "afterHooks": [],
      "tests": [],
      "suites": [
        {
          "uuid": "0696c0ac-29f1-4f18-8665-53e4d64f6b56",
          "title": "this is for the frame validation",
          "fullFile": "",
          "file": "",
          "beforeHooks": [],
          "afterHooks": [],
          "tests": [
            {
              "title": "this test case is for frame validation",
              "fullTitle": "this is for the frame validation this test case is for frame validation",
              "timedOut": null,
              "duration": 15294,
              "state": "passed",
              "speed": "slow",
              "pass": true,
              "fail": false,
              "pending": false,
              "context": null,
              "code": "launchinpage9.launchDemosite();\nlaunchinpage9.openWebForms(FrameValidation.LHSAlert);\naE9.openSection(FrameValidation.SectionFrame);\nfr.frametoknow();",
              "err": {},
              "uuid": "6dd08b09-7f0c-4e9d-a339-a11155af77dc",
              "parentUUID": "0696c0ac-29f1-4f18-8665-53e4d64f6b56",
              "isHook": false,
              "skipped": false
            }
          ],
          "suites": [],
          "passes": [
            "6dd08b09-7f0c-4e9d-a339-a11155af77dc"
          ],
          "failures": [],
          "pending": [],
          "skipped": [],
          "duration": 15294,
          "root": false,
          "rootEmpty": false,
          "_timeout": 2000
        }
      ],
      "passes": [],
      "failures": [],
      "pending": [],
      "skipped": [],
      "duration": 0,
      "root": true,
      "rootEmpty": true,
      "_timeout": 2000
    }
  ],
  "meta": {
    "mocha": {
      "version": "7.0.1"
    },
    "mochawesome": {
      "options": {
        "quiet": false,
        "reportFilename": "[status]_[datetime]-[name]-report",
        "saveHtml": true,
        "saveJson": true,
        "consoleReporter": "spec",
        "useInlineDiffs": false,
        "code": true
      },
      "version": "7.1.3"
    },
    "marge": {
      "options": {
        "reportFilename": "[status]_[datetime]-[name]-report",
        "timestamp": "longDate"
      },
      "version": "6.2.0"
    }
  }
}