{
  "stats": {
    "suites": 1,
    "tests": 1,
    "passes": 1,
    "pending": 0,
    "failures": 0,
    "start": "2024-12-31T18:25:43.500Z",
    "end": "2024-12-31T18:26:02.629Z",
    "duration": 19129,
    "testsRegistered": 1,
    "passPercent": 100,
    "pendingPercent": 0,
    "other": 0,
    "hasOther": false,
    "skipped": 0,
    "hasSkipped": false
  },
  "results": [
    {
      "uuid": "2e9fbcdf-eefd-488e-a075-09b8bfe0707d",
      "title": "",
      "fullFile": "cypress\\e2e\\tests\\selectMenuTest.cy.js",
      "file": "cypress\\e2e\\tests\\selectMenuTest.cy.js",
      "beforeHooks": [],
      "afterHooks": [],
      "tests": [],
      "suites": [
        {
          "uuid": "6c7b67cd-6352-4677-8258-4869a51caeab",
          "title": "Validation for Select Menu",
          "fullFile": "",
          "file": "",
          "beforeHooks": [],
          "afterHooks": [],
          "tests": [
            {
              "title": "test case for validation of Select Menu",
              "fullTitle": "Validation for Select Menu test case for validation of Select Menu",
              "timedOut": null,
              "duration": 16483,
              "state": "passed",
              "speed": "slow",
              "pass": true,
              "fail": false,
              "pending": false,
              "context": null,
              "code": "Cypress.on('uncaught:exception', (err, runnable) => {\n  return false;\n});\n// let textFromdiv = \"Widgets\";\nlaunchinpage19.launchDemosite();\n// launchinpage19.openWebForms(textFromdiv);\nlaunchinpage19.openWebForms(SelectMenuValidation.LHSWidget);\n// aE19.OpenSelectMenuSection();\naE19.openSection(SelectMenuValidation.SectionSelectMenu);\nsm.selectOptionfromValueDropdown(DropdownValidation.SelectValue1, DropdownValidation.SelectValue2, DropdownValidation.color, DropdownValidation.multiSelect);",
              "err": {},
              "uuid": "85558d14-a762-4881-985c-5446f25d0870",
              "parentUUID": "6c7b67cd-6352-4677-8258-4869a51caeab",
              "isHook": false,
              "skipped": false
            }
          ],
          "suites": [],
          "passes": [
            "85558d14-a762-4881-985c-5446f25d0870"
          ],
          "failures": [],
          "pending": [],
          "skipped": [],
          "duration": 16483,
          "root": false,
          "rootEmpty": false,
          "_timeout": 2000
        }
      ],
      "passes": [],
      "failures": [],
      "pending": [],
      "skipped": [],
      "duration": 0,
      "root": true,
      "rootEmpty": true,
      "_timeout": 2000
    }
  ],
  "meta": {
    "mocha": {
      "version": "7.0.1"
    },
    "mochawesome": {
      "options": {
        "quiet": false,
        "reportFilename": "[status]_[datetime]-[name]-report",
        "saveHtml": true,
        "saveJson": true,
        "consoleReporter": "spec",
        "useInlineDiffs": false,
        "code": true
      },
      "version": "7.1.3"
    },
    "marge": {
      "options": {
        "reportFilename": "[status]_[datetime]-[name]-report",
        "timestamp": "longDate"
      },
      "version": "6.2.0"
    }
  }
}